<?xml version="1.0" encoding="UTF-8" standalone="yes"?><!DOCTYPE report PUBLIC "-//JACOCO//DTD Report 1.1//EN" "report.dtd"><report name="Ing-sw-2019-29"><sessioninfo id="Anakin-a1f2fca0" start="1562320253774" dump="1562320256368"/><package name="adrenaline"><class name="adrenaline/Room" sourcefilename="Room.java"><method name="&lt;init&gt;" desc="()V" line="31"><counter type="INSTRUCTION" missed="0" covered="8"/><counter type="LINE" missed="0" covered="3"/><counter type="COMPLEXITY" missed="0" covered="1"/><counter type="METHOD" missed="0" covered="1"/></method><method name="&lt;init&gt;" desc="(II)V" line="41"><counter type="INSTRUCTION" missed="0" covered="36"/><counter type="LINE" missed="0" covered="8"/><counter type="COMPLEXITY" missed="0" covered="1"/><counter type="METHOD" missed="0" covered="1"/></method><method name="addSpawnpoint" desc="(Ladrenaline/Spawnpoint;)V" line="55"><counter type="INSTRUCTION" missed="0" covered="1"/><counter type="LINE" missed="0" covered="1"/><counter type="COMPLEXITY" missed="0" covered="1"/><counter type="METHOD" missed="0" covered="1"/></method><method name="addSpawnpointDom" desc="(Ladrenaline/Spawnpoint;)V" line="59"><counter type="INSTRUCTION" missed="0" covered="1"/><counter type="LINE" missed="0" covered="1"/><counter type="COMPLEXITY" missed="0" covered="1"/><counter type="METHOD" missed="0" covered="1"/></method><method name="getSpawnpoints" desc="()Ljava/util/List;" line="71"><counter type="INSTRUCTION" missed="0" covered="3"/><counter type="LINE" missed="0" covered="1"/><counter type="COMPLEXITY" missed="0" covered="1"/><counter type="METHOD" missed="0" covered="1"/></method><method name="getSpawnpointDom" desc="()Ljava/util/List;" line="75"><counter type="INSTRUCTION" missed="0" covered="3"/><counter type="LINE" missed="0" covered="1"/><counter type="COMPLEXITY" missed="0" covered="1"/><counter type="METHOD" missed="0" covered="1"/></method><method name="addAmmoTile" desc="(Ladrenaline/AmmoTile;II)V" line="85"><counter type="INSTRUCTION" missed="0" covered="9"/><counter type="LINE" missed="0" covered="3"/><counter type="COMPLEXITY" missed="0" covered="1"/><counter type="METHOD" missed="0" covered="1"/></method><method name="getAmmoTile" desc="(Ladrenaline/CoordinatesWithRoom;)Ladrenaline/AmmoTile;" line="101"><counter type="INSTRUCTION" missed="2" covered="38"/><counter type="BRANCH" missed="2" covered="4"/><counter type="LINE" missed="0" covered="6"/><counter type="COMPLEXITY" missed="2" covered="2"/><counter type="METHOD" missed="0" covered="1"/></method><method name="removeAmmotile" desc="(Ladrenaline/CoordinatesWithRoom;)V" line="122"><counter type="INSTRUCTION" missed="28" covered="8"/><counter type="BRANCH" missed="5" covered="1"/><counter type="LINE" missed="4" covered="2"/><counter type="COMPLEXITY" missed="3" covered="1"/><counter type="METHOD" missed="0" covered="1"/></method><method name="hasAmmoTile" desc="(Ladrenaline/CoordinatesWithRoom;)Z" line="137"><counter type="INSTRUCTION" missed="24" covered="9"/><counter type="BRANCH" missed="5" covered="1"/><counter type="LINE" missed="2" covered="2"/><counter type="COMPLEXITY" missed="3" covered="1"/><counter type="METHOD" missed="0" covered="1"/></method><method name="setToken" desc="(I)V" line="153"><counter type="INSTRUCTION" missed="0" covered="4"/><counter type="LINE" missed="0" covered="2"/><counter type="COMPLEXITY" missed="0" covered="1"/><counter type="METHOD" missed="0" covered="1"/></method><method name="getRoomSizeX" desc="()I" line="162"><counter type="INSTRUCTION" missed="0" covered="4"/><counter type="LINE" missed="0" covered="1"/><counter type="COMPLEXITY" missed="0" covered="1"/><counter type="METHOD" missed="0" covered="1"/></method><method name="getRoomSizeY" desc="()I" line="171"><counter type="INSTRUCTION" missed="0" covered="4"/><counter type="LINE" missed="0" covered="1"/><counter type="COMPLEXITY" missed="0" covered="1"/><counter type="METHOD" missed="0" covered="1"/></method><method name="getToken" desc="()I" line="180"><counter type="INSTRUCTION" missed="0" covered="3"/><counter type="LINE" missed="0" covered="1"/><counter type="COMPLEXITY" missed="0" covered="1"/><counter type="METHOD" missed="0" covered="1"/></method><method name="getTiles" desc="()Ljava/util/LinkedList;" line="190"><counter type="INSTRUCTION" missed="0" covered="3"/><counter type="LINE" missed="0" covered="1"/><counter type="COMPLEXITY" missed="0" covered="1"/><counter type="METHOD" missed="0" covered="1"/></method><method name="getSpawnpoint" desc="(II)Ladrenaline/Spawnpoint;" line="199"><counter type="INSTRUCTION" missed="0" covered="24"/><counter type="BRANCH" missed="1" covered="5"/><counter type="LINE" missed="0" covered="5"/><counter type="COMPLEXITY" missed="1" covered="3"/><counter type="METHOD" missed="0" covered="1"/></method><counter type="INSTRUCTION" missed="54" covered="158"/><counter type="BRANCH" missed="13" covered="11"/><counter type="LINE" missed="6" covered="39"/><counter type="COMPLEXITY" missed="9" covered="19"/><counter type="METHOD" missed="0" covered="16"/><counter type="CLASS" missed="0" covered="1"/></class><class name="adrenaline/PowerUpCard" sourcefilename="PowerUpCard.java"><method name="&lt;init&gt;" desc="()V" line="10"><counter type="INSTRUCTION" missed="0" covered="3"/><counter type="LINE" missed="0" covered="2"/><counter type="COMPLEXITY" missed="0" covered="1"/><counter type="METHOD" missed="0" covered="1"/></method><method name="&lt;init&gt;" desc="(Ladrenaline/AmmoCube$CubeColor;)V" line="14"><counter type="INSTRUCTION" missed="0" covered="6"/><counter type="LINE" missed="0" covered="3"/><counter type="COMPLEXITY" missed="0" covered="1"/><counter type="METHOD" missed="0" covered="1"/></method><method name="getPowerUpColor" desc="()Ladrenaline/AmmoCube$CubeColor;" line="21"><counter type="INSTRUCTION" missed="0" covered="3"/><counter type="LINE" missed="0" covered="1"/><counter type="COMPLEXITY" missed="0" covered="1"/><counter type="METHOD" missed="0" covered="1"/></method><method name="setPowerUpColor" desc="(Ladrenaline/AmmoCube$CubeColor;)V" line="24"><counter type="INSTRUCTION" missed="0" covered="4"/><counter type="LINE" missed="0" covered="2"/><counter type="COMPLEXITY" missed="0" covered="1"/><counter type="METHOD" missed="0" covered="1"/></method><method name="getCanBeUsedOnBot" desc="()Z" line="31"><counter type="INSTRUCTION" missed="3" covered="0"/><counter type="LINE" missed="1" covered="0"/><counter type="COMPLEXITY" missed="1" covered="0"/><counter type="METHOD" missed="1" covered="0"/></method><method name="setCanBeUsedOnBot" desc="(Z)V" line="38"><counter type="INSTRUCTION" missed="0" covered="4"/><counter type="LINE" missed="0" covered="2"/><counter type="COMPLEXITY" missed="0" covered="1"/><counter type="METHOD" missed="0" covered="1"/></method><method name="plusOneDamage" desc="(Ladrenaline/Player;Ljava/lang/Object;)V" line="48"><counter type="INSTRUCTION" missed="9" covered="0"/><counter type="BRANCH" missed="2" covered="0"/><counter type="LINE" missed="3" covered="0"/><counter type="COMPLEXITY" missed="2" covered="0"/><counter type="METHOD" missed="1" covered="0"/></method><method name="getPossibleCells" desc="(Ladrenaline/GameModel;Ladrenaline/Player;)Ljava/util/List;" line="59"><counter type="INSTRUCTION" missed="0" covered="45"/><counter type="BRANCH" missed="0" covered="6"/><counter type="LINE" missed="0" covered="7"/><counter type="COMPLEXITY" missed="0" covered="4"/><counter type="METHOD" missed="0" covered="1"/></method><counter type="INSTRUCTION" missed="12" covered="65"/><counter type="BRANCH" missed="2" covered="6"/><counter type="LINE" missed="4" covered="17"/><counter type="COMPLEXITY" missed="3" covered="9"/><counter type="METHOD" missed="2" covered="6"/><counter type="CLASS" missed="0" covered="1"/></class><class name="adrenaline/Player$PlayerPos" sourcefilename="Player.java"><method name="&lt;clinit&gt;" desc="()V" line="39"><counter type="INSTRUCTION" missed="0" covered="64"/><counter type="LINE" missed="0" covered="2"/><counter type="COMPLEXITY" missed="0" covered="1"/><counter type="METHOD" missed="0" covered="1"/></method><counter type="INSTRUCTION" missed="0" covered="64"/><counter type="LINE" missed="0" covered="2"/><counter type="COMPLEXITY" missed="0" covered="1"/><counter type="METHOD" missed="0" covered="1"/><counter type="CLASS" missed="0" covered="1"/></class><class name="adrenaline/Figure$PlayerColor" sourcefilename="Figure.java"><method name="&lt;clinit&gt;" desc="()V" line="11"><counter type="INSTRUCTION" missed="0" covered="64"/><counter type="LINE" missed="0" covered="2"/><counter type="COMPLEXITY" missed="0" covered="1"/><counter type="METHOD" missed="0" covered="1"/></method><counter type="INSTRUCTION" missed="0" covered="64"/><counter type="LINE" missed="0" covered="2"/><counter type="COMPLEXITY" missed="0" covered="1"/><counter type="METHOD" missed="0" covered="1"/><counter type="CLASS" missed="0" covered="1"/></class><class name="adrenaline/FreneticAction$PlayerOrder" sourcefilename="FreneticAction.java"><method name="&lt;clinit&gt;" desc="()V" line="27"><counter type="INSTRUCTION" missed="0" covered="24"/><counter type="LINE" missed="0" covered="2"/><counter type="COMPLEXITY" missed="0" covered="1"/><counter type="METHOD" missed="0" covered="1"/></method><counter type="INSTRUCTION" missed="0" covered="24"/><counter type="LINE" missed="0" covered="2"/><counter type="COMPLEXITY" missed="0" covered="1"/><counter type="METHOD" missed="0" covered="1"/><counter type="CLASS" missed="0" covered="1"/></class><class name="adrenaline/GameModel$FrenzyMode" sourcefilename="GameModel.java"><method name="&lt;clinit&gt;" desc="()V" line="31"><counter type="INSTRUCTION" missed="0" covered="24"/><counter type="LINE" missed="0" covered="2"/><counter type="COMPLEXITY" missed="0" covered="1"/><counter type="METHOD" missed="0" covered="1"/></method><counter type="INSTRUCTION" missed="0" covered="24"/><counter type="LINE" missed="0" covered="2"/><counter type="COMPLEXITY" missed="0" covered="1"/><counter type="METHOD" missed="0" covered="1"/><counter type="CLASS" missed="0" covered="1"/></class><class name="adrenaline/AmmoTileDeck" sourcefilename="AmmoTileDeck.java"><method name="&lt;init&gt;" desc="()V" line="13"><counter type="INSTRUCTION" missed="0" covered="148"/><counter type="BRANCH" missed="0" covered="4"/><counter type="LINE" missed="0" covered="20"/><counter type="COMPLEXITY" missed="0" covered="3"/><counter type="METHOD" missed="0" covered="1"/></method><method name="getDeck" desc="()Ljava/util/LinkedList;" line="46"><counter type="INSTRUCTION" missed="0" covered="3"/><counter type="LINE" missed="0" covered="1"/><counter type="COMPLEXITY" missed="0" covered="1"/><counter type="METHOD" missed="0" covered="1"/></method><method name="pickUpAmmoTile" desc="()Ladrenaline/AmmoTile;" line="57"><counter type="INSTRUCTION" missed="0" covered="31"/><counter type="BRANCH" missed="0" covered="2"/><counter type="LINE" missed="0" covered="7"/><counter type="COMPLEXITY" missed="0" covered="2"/><counter type="METHOD" missed="0" covered="1"/></method><method name="setUsedAmmoTile" desc="(Ladrenaline/AmmoTile;)V" line="74"><counter type="INSTRUCTION" missed="0" covered="6"/><counter type="LINE" missed="0" covered="2"/><counter type="COMPLEXITY" missed="0" covered="1"/><counter type="METHOD" missed="0" covered="1"/></method><method name="shuffleCards" desc="()V" line="81"><counter type="INSTRUCTION" missed="0" covered="4"/><counter type="LINE" missed="0" covered="2"/><counter type="COMPLEXITY" missed="0" covered="1"/><counter type="METHOD" missed="0" covered="1"/></method><method name="shuffleUsedCards" desc="()V" line="87"><counter type="INSTRUCTION" missed="0" covered="4"/><counter type="LINE" missed="0" covered="2"/><counter type="COMPLEXITY" missed="0" covered="1"/><counter type="METHOD" missed="0" covered="1"/></method><method name="getUsedAmmoTile" desc="()Ljava/util/LinkedList;" line="95"><counter type="INSTRUCTION" missed="0" covered="3"/><counter type="LINE" missed="0" covered="1"/><counter type="COMPLEXITY" missed="0" covered="1"/><counter type="METHOD" missed="0" covered="1"/></method><counter type="INSTRUCTION" missed="0" covered="199"/><counter type="BRANCH" missed="0" covered="6"/><counter type="LINE" missed="0" covered="35"/><counter type="COMPLEXITY" missed="0" covered="10"/><counter type="METHOD" missed="0" covered="7"/><counter type="CLASS" missed="0" covered="1"/></class><class name="adrenaline/Action$ActionType" sourcefilename="Action.java"><method name="&lt;clinit&gt;" desc="()V" line="25"><counter type="INSTRUCTION" missed="0" covered="14"/><counter type="LINE" missed="0" covered="2"/><counter type="COMPLEXITY" missed="0" covered="1"/><counter type="METHOD" missed="0" covered="1"/></method><counter type="INSTRUCTION" missed="0" covered="14"/><counter type="LINE" missed="0" covered="2"/><counter type="COMPLEXITY" missed="0" covered="1"/><counter type="METHOD" missed="0" covered="1"/><counter type="CLASS" missed="0" covered="1"/></class><class name="adrenaline/WeaponCard" sourcefilename="WeaponCard.java"><method name="&lt;init&gt;" desc="()V" line="16"><counter type="INSTRUCTION" missed="0" covered="11"/><counter type="LINE" missed="0" covered="4"/><counter type="COMPLEXITY" missed="0" covered="1"/><counter type="METHOD" missed="0" covered="1"/></method><method name="getPossibleTargetCells" desc="(Ladrenaline/CoordinatesWithRoom;Ladrenaline/EffectAndNumber;Ladrenaline/gameboard/GameBoard;)Ljava/util/List;" line="40"><counter type="INSTRUCTION" missed="0" covered="197"/><counter type="BRANCH" missed="0" covered="26"/><counter type="LINE" missed="0" covered="20"/><counter type="COMPLEXITY" missed="0" covered="14"/><counter type="METHOD" missed="0" covered="1"/></method><method name="fromCellsToTargets" desc="(Ljava/util/List;Ladrenaline/CoordinatesWithRoom;Ladrenaline/gameboard/GameBoard;Ladrenaline/Player;Ladrenaline/GameModel;Ladrenaline/EffectAndNumber;)Ljava/util/List;" line="82"><counter type="INSTRUCTION" missed="0" covered="65"/><counter type="BRANCH" missed="0" covered="10"/><counter type="LINE" missed="0" covered="11"/><counter type="COMPLEXITY" missed="0" covered="6"/><counter type="METHOD" missed="0" covered="1"/></method><method name="canShootBase" desc="()Z" line="104"><counter type="INSTRUCTION" missed="2" covered="0"/><counter type="LINE" missed="1" covered="0"/><counter type="COMPLEXITY" missed="1" covered="0"/><counter type="METHOD" missed="1" covered="0"/></method><method name="canShootAlt" desc="()Z" line="107"><counter type="INSTRUCTION" missed="0" covered="2"/><counter type="LINE" missed="0" covered="1"/><counter type="COMPLEXITY" missed="0" covered="1"/><counter type="METHOD" missed="0" covered="1"/></method><method name="canShootOp1" desc="()Z" line="110"><counter type="INSTRUCTION" missed="2" covered="0"/><counter type="LINE" missed="1" covered="0"/><counter type="COMPLEXITY" missed="1" covered="0"/><counter type="METHOD" missed="1" covered="0"/></method><method name="canShootOp2" desc="()Z" line="113"><counter type="INSTRUCTION" missed="2" covered="0"/><counter type="LINE" missed="1" covered="0"/><counter type="COMPLEXITY" missed="1" covered="0"/><counter type="METHOD" missed="1" covered="0"/></method><method name="applyDamage" desc="(Ljava/util/List;Ladrenaline/Player;Ladrenaline/EffectAndNumber;)V" line="119"><counter type="INSTRUCTION" missed="0" covered="1"/><counter type="LINE" missed="0" covered="1"/><counter type="COMPLEXITY" missed="0" covered="1"/><counter type="METHOD" missed="0" covered="1"/></method><method name="getPrice" desc="()Ljava/util/List;" line="122"><counter type="INSTRUCTION" missed="0" covered="3"/><counter type="LINE" missed="0" covered="1"/><counter type="COMPLEXITY" missed="0" covered="1"/><counter type="METHOD" missed="0" covered="1"/></method><method name="placeWeaponOnMap" desc="(Ladrenaline/CoordinatesWithRoom;)V" line="126"><counter type="INSTRUCTION" missed="0" covered="4"/><counter type="LINE" missed="0" covered="2"/><counter type="COMPLEXITY" missed="0" covered="1"/><counter type="METHOD" missed="0" covered="1"/></method><method name="getCoordinatesOnMap" desc="()Ladrenaline/CoordinatesWithRoom;" line="129"><counter type="INSTRUCTION" missed="0" covered="3"/><counter type="LINE" missed="0" covered="1"/><counter type="COMPLEXITY" missed="0" covered="1"/><counter type="METHOD" missed="0" covered="1"/></method><method name="setReload" desc="()V" line="131"><counter type="INSTRUCTION" missed="0" covered="4"/><counter type="LINE" missed="0" covered="1"/><counter type="COMPLEXITY" missed="0" covered="1"/><counter type="METHOD" missed="0" covered="1"/></method><method name="setNotReload" desc="()V" line="132"><counter type="INSTRUCTION" missed="0" covered="4"/><counter type="LINE" missed="0" covered="1"/><counter type="COMPLEXITY" missed="0" covered="1"/><counter type="METHOD" missed="0" covered="1"/></method><method name="setReloadAlt" desc="(Z)V" line="133"><counter type="INSTRUCTION" missed="0" covered="4"/><counter type="LINE" missed="0" covered="1"/><counter type="COMPLEXITY" missed="0" covered="1"/><counter type="METHOD" missed="0" covered="1"/></method><method name="getReloadAlt" desc="()Z" line="134"><counter type="INSTRUCTION" missed="0" covered="3"/><counter type="LINE" missed="0" covered="1"/><counter type="COMPLEXITY" missed="0" covered="1"/><counter type="METHOD" missed="0" covered="1"/></method><method name="getReload" desc="()Z" line="135"><counter type="INSTRUCTION" missed="0" covered="3"/><counter type="LINE" missed="0" covered="1"/><counter type="COMPLEXITY" missed="0" covered="1"/><counter type="METHOD" missed="0" covered="1"/></method><method name="toString" desc="()Ljava/lang/String;" line="139"><counter type="INSTRUCTION" missed="2" covered="0"/><counter type="LINE" missed="1" covered="0"/><counter type="COMPLEXITY" missed="1" covered="0"/><counter type="METHOD" missed="1" covered="0"/></method><method name="setDamaged" desc="(Ljava/util/List;Ladrenaline/Player;)V" line="147"><counter type="INSTRUCTION" missed="0" covered="23"/><counter type="BRANCH" missed="1" covered="3"/><counter type="LINE" missed="0" covered="6"/><counter type="COMPLEXITY" missed="1" covered="2"/><counter type="METHOD" missed="0" covered="1"/></method><counter type="INSTRUCTION" missed="8" covered="327"/><counter type="BRANCH" missed="1" covered="39"/><counter type="LINE" missed="4" covered="52"/><counter type="COMPLEXITY" missed="5" covered="33"/><counter type="METHOD" missed="4" covered="14"/><counter type="CLASS" missed="0" covered="1"/></class><class name="adrenaline/EffectAndNumber" sourcefilename="EffectAndNumber.java"><method name="&lt;init&gt;" desc="(Ladrenaline/AmmoCube$Effect;I)V" line="9"><counter type="INSTRUCTION" missed="0" covered="9"/><counter type="LINE" missed="0" covered="4"/><counter type="COMPLEXITY" missed="0" covered="1"/><counter type="METHOD" missed="0" covered="1"/></method><method name="getEffect" desc="()Ladrenaline/AmmoCube$Effect;" line="15"><counter type="INSTRUCTION" missed="0" covered="3"/><counter type="LINE" missed="0" covered="1"/><counter type="COMPLEXITY" missed="0" covered="1"/><counter type="METHOD" missed="0" covered="1"/></method><method name="getNumber" desc="()I" line="18"><counter type="INSTRUCTION" missed="0" covered="3"/><counter type="LINE" missed="0" covered="1"/><counter type="COMPLEXITY" missed="0" covered="1"/><counter type="METHOD" missed="0" covered="1"/></method><method name="setEffect" desc="(Ladrenaline/AmmoCube$Effect;)V" line="22"><counter type="INSTRUCTION" missed="0" covered="4"/><counter type="LINE" missed="0" covered="2"/><counter type="COMPLEXITY" missed="0" covered="1"/><counter type="METHOD" missed="0" covered="1"/></method><method name="setNumber" desc="(I)V" line="25"><counter type="INSTRUCTION" missed="0" covered="4"/><counter type="LINE" missed="0" covered="2"/><counter type="COMPLEXITY" missed="0" covered="1"/><counter type="METHOD" missed="0" covered="1"/></method><method name="toString" desc="()Ljava/lang/String;" line="30"><counter type="INSTRUCTION" missed="4" covered="0"/><counter type="LINE" missed="1" covered="0"/><counter type="COMPLEXITY" missed="1" covered="0"/><counter type="METHOD" missed="1" covered="0"/></method><counter type="INSTRUCTION" missed="4" covered="23"/><counter type="LINE" missed="1" covered="10"/><counter type="COMPLEXITY" missed="1" covered="5"/><counter type="METHOD" missed="1" covered="5"/><counter type="CLASS" missed="0" covered="1"/></class><class name="adrenaline/FreneticAction" sourcefilename="FreneticAction.java"><method name="&lt;init&gt;" desc="(Ladrenaline/GameModel;)V" line="24"><counter type="INSTRUCTION" missed="0" covered="4"/><counter type="LINE" missed="0" covered="2"/><counter type="COMPLEXITY" missed="0" covered="1"/><counter type="METHOD" missed="0" covered="1"/></method><method name="proposeCellsRunFrenzy" desc="(Ladrenaline/CoordinatesWithRoom;)Ljava/util/LinkedList;" line="48"><counter type="INSTRUCTION" missed="0" covered="43"/><counter type="LINE" missed="0" covered="5"/><counter type="COMPLEXITY" missed="0" covered="1"/><counter type="METHOD" missed="0" covered="1"/></method><method name="proposeCellsGrabFrenzy" desc="(Ladrenaline/CoordinatesWithRoom;Ladrenaline/FreneticAction$PlayerOrder;)Ljava/util/LinkedList;" line="64"><counter type="INSTRUCTION" missed="0" covered="41"/><counter type="BRANCH" missed="0" covered="2"/><counter type="LINE" missed="0" covered="6"/><counter type="COMPLEXITY" missed="0" covered="2"/><counter type="METHOD" missed="0" covered="1"/></method><method name="proposeCellsRunBeforeShootFrenzy" desc="(Ladrenaline/CoordinatesWithRoom;Ladrenaline/FreneticAction$PlayerOrder;)Ljava/util/LinkedList;" line="81"><counter type="INSTRUCTION" missed="0" covered="31"/><counter type="BRANCH" missed="0" covered="2"/><counter type="LINE" missed="0" covered="5"/><counter type="COMPLEXITY" missed="0" covered="2"/><counter type="METHOD" missed="0" covered="1"/></method><method name="canGetPoints" desc="(Ljava/util/List;Ljava/util/List;)V" line="100"><counter type="INSTRUCTION" missed="1" covered="64"/><counter type="BRANCH" missed="1" covered="11"/><counter type="LINE" missed="1" covered="11"/><counter type="COMPLEXITY" missed="1" covered="6"/><counter type="METHOD" missed="0" covered="1"/></method><method name="frenzyGivePoints" desc="(Ljava/util/List;Ladrenaline/Player;)V" line="127"><counter type="INSTRUCTION" missed="0" covered="47"/><counter type="BRANCH" missed="0" covered="4"/><counter type="LINE" missed="0" covered="11"/><counter type="COMPLEXITY" missed="0" covered="3"/><counter type="METHOD" missed="0" covered="1"/></method><method name="whoHasDoneMoreDamage" desc="(Ljava/util/List;Ladrenaline/Player;)Ladrenaline/Player;" line="146"><counter type="INSTRUCTION" missed="6" covered="48"/><counter type="BRANCH" missed="1" covered="5"/><counter type="LINE" missed="1" covered="11"/><counter type="COMPLEXITY" missed="1" covered="3"/><counter type="METHOD" missed="0" covered="1"/></method><method name="chooseOne" desc="(Ladrenaline/Player;Ladrenaline/Player;Ladrenaline/Player;)Ladrenaline/Player;" line="175"><counter type="INSTRUCTION" missed="0" covered="11"/><counter type="BRANCH" missed="0" covered="2"/><counter type="LINE" missed="0" covered="3"/><counter type="COMPLEXITY" missed="0" covered="2"/><counter type="METHOD" missed="0" covered="1"/></method><counter type="INSTRUCTION" missed="7" covered="289"/><counter type="BRANCH" missed="2" covered="26"/><counter type="LINE" missed="2" covered="54"/><counter type="COMPLEXITY" missed="2" covered="20"/><counter type="METHOD" missed="0" covered="8"/><counter type="CLASS" missed="0" covered="1"/></class><class name="adrenaline/AmmoCube" sourcefilename="AmmoCube.java"><method name="&lt;init&gt;" desc="(Ladrenaline/AmmoCube$CubeColor;)V" line="33"><counter type="INSTRUCTION" missed="0" covered="6"/><counter type="LINE" missed="0" covered="3"/><counter type="COMPLEXITY" missed="0" covered="1"/><counter type="METHOD" missed="0" covered="1"/></method><method name="&lt;init&gt;" desc="(Ladrenaline/AmmoCube$CubeColor;Ladrenaline/AmmoCube$Effect;Z)V" line="44"><counter type="INSTRUCTION" missed="0" covered="12"/><counter type="LINE" missed="0" covered="5"/><counter type="COMPLEXITY" missed="0" covered="1"/><counter type="METHOD" missed="0" covered="1"/></method><method name="getCubeColor" desc="()Ladrenaline/AmmoCube$CubeColor;" line="51"><counter type="INSTRUCTION" missed="0" covered="3"/><counter type="LINE" missed="0" covered="1"/><counter type="COMPLEXITY" missed="0" covered="1"/><counter type="METHOD" missed="0" covered="1"/></method><method name="setCubeColor" desc="(Ladrenaline/AmmoCube$CubeColor;)V" line="54"><counter type="INSTRUCTION" missed="0" covered="4"/><counter type="LINE" missed="0" covered="2"/><counter type="COMPLEXITY" missed="0" covered="1"/><counter type="METHOD" missed="0" covered="1"/></method><method name="getEffect" desc="()Ladrenaline/AmmoCube$Effect;" line="58"><counter type="INSTRUCTION" missed="0" covered="3"/><counter type="LINE" missed="0" covered="1"/><counter type="COMPLEXITY" missed="0" covered="1"/><counter type="METHOD" missed="0" covered="1"/></method><method name="setEffect" desc="(Ladrenaline/AmmoCube$Effect;)V" line="61"><counter type="INSTRUCTION" missed="0" covered="4"/><counter type="LINE" missed="0" covered="2"/><counter type="COMPLEXITY" missed="0" covered="1"/><counter type="METHOD" missed="0" covered="1"/></method><method name="getPaid" desc="()Z" line="65"><counter type="INSTRUCTION" missed="0" covered="3"/><counter type="LINE" missed="0" covered="1"/><counter type="COMPLEXITY" missed="0" covered="1"/><counter type="METHOD" missed="0" covered="1"/></method><method name="setPaid" desc="(Z)V" line="68"><counter type="INSTRUCTION" missed="0" covered="4"/><counter type="LINE" missed="0" covered="2"/><counter type="COMPLEXITY" missed="0" covered="1"/><counter type="METHOD" missed="0" covered="1"/></method><counter type="INSTRUCTION" missed="0" covered="39"/><counter type="LINE" missed="0" covered="17"/><counter type="COMPLEXITY" missed="0" covered="8"/><counter type="METHOD" missed="0" covered="8"/><counter type="CLASS" missed="0" covered="1"/></class><class name="adrenaline/Figure" sourcefilename="Figure.java"><method name="&lt;init&gt;" desc="(Ladrenaline/Figure$PlayerColor;)V" line="19"><counter type="INSTRUCTION" missed="0" covered="6"/><counter type="LINE" missed="0" covered="3"/><counter type="COMPLEXITY" missed="0" covered="1"/><counter type="METHOD" missed="0" covered="1"/></method><method name="getPlayerColor" desc="()Ladrenaline/Figure$PlayerColor;" line="24"><counter type="INSTRUCTION" missed="0" covered="3"/><counter type="LINE" missed="0" covered="1"/><counter type="COMPLEXITY" missed="0" covered="1"/><counter type="METHOD" missed="0" covered="1"/></method><method name="setPlayerColor" desc="(Ladrenaline/Figure$PlayerColor;)V" line="27"><counter type="INSTRUCTION" missed="0" covered="4"/><counter type="LINE" missed="0" covered="2"/><counter type="COMPLEXITY" missed="0" covered="1"/><counter type="METHOD" missed="0" covered="1"/></method><counter type="INSTRUCTION" missed="0" covered="13"/><counter type="LINE" missed="0" covered="6"/><counter type="COMPLEXITY" missed="0" covered="3"/><counter type="METHOD" missed="0" covered="3"/><counter type="CLASS" missed="0" covered="1"/></class><class name="adrenaline/CoordinatesWithRoom" sourcefilename="CoordinatesWithRoom.java"><method name="&lt;init&gt;" desc="()V" line="16"><counter type="INSTRUCTION" missed="0" covered="3"/><counter type="LINE" missed="0" covered="2"/><counter type="COMPLEXITY" missed="0" covered="1"/><counter type="METHOD" missed="0" covered="1"/></method><method name="&lt;init&gt;" desc="(IILadrenaline/Room;)V" line="26"><counter type="INSTRUCTION" missed="0" covered="12"/><counter type="LINE" missed="0" covered="5"/><counter type="COMPLEXITY" missed="0" covered="1"/><counter type="METHOD" missed="0" covered="1"/></method><method name="getRoom" desc="()Ladrenaline/Room;" line="33"><counter type="INSTRUCTION" missed="0" covered="3"/><counter type="LINE" missed="0" covered="1"/><counter type="COMPLEXITY" missed="0" covered="1"/><counter type="METHOD" missed="0" covered="1"/></method><method name="setRoom" desc="(Ladrenaline/Room;)V" line="37"><counter type="INSTRUCTION" missed="0" covered="4"/><counter type="LINE" missed="0" covered="2"/><counter type="COMPLEXITY" missed="0" covered="1"/><counter type="METHOD" missed="0" covered="1"/></method><method name="toString" desc="()Ljava/lang/String;" line="42"><counter type="INSTRUCTION" missed="0" covered="9"/><counter type="LINE" missed="0" covered="1"/><counter type="COMPLEXITY" missed="0" covered="1"/><counter type="METHOD" missed="0" covered="1"/></method><method name="oneTileDistant" desc="(Ladrenaline/gameboard/GameBoard;Z)Ljava/util/List;" line="56"><counter type="INSTRUCTION" missed="84" covered="254"/><counter type="BRANCH" missed="9" covered="29"/><counter type="LINE" missed="2" covered="21"/><counter type="COMPLEXITY" missed="6" covered="14"/><counter type="METHOD" missed="0" covered="1"/></method><method name="removeThisCell" desc="(Ljava/util/List;)Ljava/util/List;" line="108"><counter type="INSTRUCTION" missed="0" covered="41"/><counter type="BRANCH" missed="0" covered="8"/><counter type="LINE" missed="0" covered="4"/><counter type="COMPLEXITY" missed="0" covered="5"/><counter type="METHOD" missed="0" covered="1"/></method><method name="removeDuplicates" desc="(Ljava/util/List;)Ljava/util/List;" line="123"><counter type="INSTRUCTION" missed="0" covered="58"/><counter type="BRANCH" missed="1" covered="9"/><counter type="LINE" missed="0" covered="8"/><counter type="COMPLEXITY" missed="1" covered="5"/><counter type="METHOD" missed="0" covered="1"/></method><method name="xTilesDistant" desc="(Ladrenaline/gameboard/GameBoard;I)Ljava/util/List;" line="147"><counter type="INSTRUCTION" missed="0" covered="53"/><counter type="BRANCH" missed="0" covered="4"/><counter type="LINE" missed="0" covered="13"/><counter type="COMPLEXITY" missed="0" covered="3"/><counter type="METHOD" missed="0" covered="1"/></method><method name="isCWRInTwoLists" desc="(Ljava/util/List;Ljava/util/List;)Z" line="173"><counter type="INSTRUCTION" missed="2" covered="41"/><counter type="BRANCH" missed="1" covered="9"/><counter type="LINE" missed="1" covered="8"/><counter type="COMPLEXITY" missed="1" covered="5"/><counter type="METHOD" missed="0" covered="1"/></method><method name="tilesSameDirection" desc="(ILadrenaline/gameboard/GameBoard;Z)Ljava/util/List;" line="196"><counter type="INSTRUCTION" missed="1" covered="57"/><counter type="BRANCH" missed="1" covered="7"/><counter type="LINE" missed="1" covered="13"/><counter type="COMPLEXITY" missed="1" covered="4"/><counter type="METHOD" missed="0" covered="1"/></method><method name="checkSameDirection" desc="(Ladrenaline/CoordinatesWithRoom;Ladrenaline/CoordinatesWithRoom;ILadrenaline/gameboard/GameBoard;Z)Z" line="230"><counter type="INSTRUCTION" missed="27" covered="41"/><counter type="BRANCH" missed="8" covered="4"/><counter type="LINE" missed="8" covered="8"/><counter type="COMPLEXITY" missed="6" covered="1"/><counter type="METHOD" missed="0" covered="1"/></method><method name="equals" desc="(Ljava/lang/Object;)Z" line="257"><counter type="INSTRUCTION" missed="0" covered="24"/><counter type="BRANCH" missed="0" covered="6"/><counter type="LINE" missed="0" covered="3"/><counter type="COMPLEXITY" missed="0" covered="4"/><counter type="METHOD" missed="0" covered="1"/></method><method name="getNextCell" desc="(Ladrenaline/CoordinatesWithRoom;Ladrenaline/CoordinatesWithRoom;Ladrenaline/gameboard/GameBoard;Z)Ladrenaline/CoordinatesWithRoom;" line="273"><counter type="INSTRUCTION" missed="340" covered="438"/><counter type="BRANCH" missed="93" covered="57"/><counter type="LINE" missed="23" covered="41"/><counter type="COMPLEXITY" missed="59" covered="17"/><counter type="METHOD" missed="0" covered="1"/></method><method name="containsSpawnpoint" desc="(Ladrenaline/GameModel;)Z" line="381"><counter type="INSTRUCTION" missed="2" covered="44"/><counter type="BRANCH" missed="1" covered="9"/><counter type="LINE" missed="1" covered="6"/><counter type="COMPLEXITY" missed="1" covered="5"/><counter type="METHOD" missed="0" covered="1"/></method><method name="getSpawnpoint" desc="(Ladrenaline/GameModel;)Ladrenaline/Spawnpoint;" line="392"><counter type="INSTRUCTION" missed="7" covered="46"/><counter type="BRANCH" missed="1" covered="9"/><counter type="LINE" missed="1" covered="6"/><counter type="COMPLEXITY" missed="1" covered="5"/><counter type="METHOD" missed="0" covered="1"/></method><method name="isSpawnpointCoordinates" desc="(Ladrenaline/GameModel;)Z" line="408"><counter type="INSTRUCTION" missed="46" covered="0"/><counter type="BRANCH" missed="10" covered="0"/><counter type="LINE" missed="7" covered="0"/><counter type="COMPLEXITY" missed="6" covered="0"/><counter type="METHOD" missed="1" covered="0"/></method><method name="hasAmmoTile" desc="()Z" line="424"><counter type="INSTRUCTION" missed="29" covered="0"/><counter type="BRANCH" missed="6" covered="0"/><counter type="LINE" missed="5" covered="0"/><counter type="COMPLEXITY" missed="4" covered="0"/><counter type="METHOD" missed="1" covered="0"/></method><counter type="INSTRUCTION" missed="538" covered="1128"/><counter type="BRANCH" missed="131" covered="151"/><counter type="LINE" missed="49" covered="142"/><counter type="COMPLEXITY" missed="86" covered="73"/><counter type="METHOD" missed="2" covered="16"/><counter type="CLASS" missed="0" covered="1"/></class><class name="adrenaline/RoomDeath" sourcefilename="RoomDeath.java"><method name="&lt;init&gt;" desc="(II)V" line="23"><counter type="INSTRUCTION" missed="0" covered="5"/><counter type="LINE" missed="0" covered="2"/><counter type="COMPLEXITY" missed="0" covered="1"/><counter type="METHOD" missed="0" covered="1"/></method><method name="addSpawnpoint" desc="(Ladrenaline/Spawnpoint;)V" line="35"><counter type="INSTRUCTION" missed="0" covered="6"/><counter type="LINE" missed="0" covered="2"/><counter type="COMPLEXITY" missed="0" covered="1"/><counter type="METHOD" missed="0" covered="1"/></method><counter type="INSTRUCTION" missed="0" covered="11"/><counter type="LINE" missed="0" covered="4"/><counter type="COMPLEXITY" missed="0" covered="2"/><counter type="METHOD" missed="0" covered="2"/><counter type="CLASS" missed="0" covered="1"/></class><class name="adrenaline/Action" sourcefilename="Action.java"><method name="&lt;init&gt;" desc="(Ladrenaline/GameModel;)V" line="51"><counter type="INSTRUCTION" missed="0" covered="6"/><counter type="LINE" missed="0" covered="3"/><counter type="COMPLEXITY" missed="0" covered="1"/><counter type="METHOD" missed="0" covered="1"/></method><method name="proposeCellsRun" desc="(Ladrenaline/CoordinatesWithRoom;)Ljava/util/LinkedList;" line="72"><counter type="INSTRUCTION" missed="0" covered="33"/><counter type="LINE" missed="0" covered="4"/><counter type="COMPLEXITY" missed="0" covered="1"/><counter type="METHOD" missed="0" covered="1"/></method><method name="proposeCellsRunBeforeShoot" desc="(Ladrenaline/Player;)Ljava/util/LinkedList;" line="93"><counter type="INSTRUCTION" missed="6" covered="23"/><counter type="BRANCH" missed="1" covered="1"/><counter type="LINE" missed="1" covered="4"/><counter type="COMPLEXITY" missed="1" covered="1"/><counter type="METHOD" missed="0" covered="1"/></method><method name="proposeCellsRunBeforeShootAdrenaline" desc="(Ladrenaline/Player;)Ljava/util/LinkedList;" line="115"><counter type="INSTRUCTION" missed="0" covered="14"/><counter type="LINE" missed="0" covered="2"/><counter type="COMPLEXITY" missed="0" covered="1"/><counter type="METHOD" missed="0" covered="1"/></method><method name="proposeCellsGrab" desc="(Ladrenaline/Player;)Ljava/util/LinkedList;" line="137"><counter type="INSTRUCTION" missed="6" covered="23"/><counter type="BRANCH" missed="1" covered="1"/><counter type="LINE" missed="1" covered="4"/><counter type="COMPLEXITY" missed="1" covered="1"/><counter type="METHOD" missed="0" covered="1"/></method><method name="proposeCellsGrabAdrenaline" desc="(Ladrenaline/Player;)Ljava/util/LinkedList;" line="158"><counter type="INSTRUCTION" missed="0" covered="14"/><counter type="LINE" missed="0" covered="2"/><counter type="COMPLEXITY" missed="0" covered="1"/><counter type="METHOD" missed="0" covered="1"/></method><method name="run" desc="(Ladrenaline/Player;Ladrenaline/CoordinatesWithRoom;)V" line="178"><counter type="INSTRUCTION" missed="0" covered="9"/><counter type="LINE" missed="0" covered="2"/><counter type="COMPLEXITY" missed="0" covered="1"/><counter type="METHOD" missed="0" covered="1"/></method><method name="grabTile" desc="(Ladrenaline/Player;Ladrenaline/CoordinatesWithRoom;)V" line="200"><counter type="INSTRUCTION" missed="3" covered="39"/><counter type="BRANCH" missed="1" covered="3"/><counter type="LINE" missed="1" covered="9"/><counter type="COMPLEXITY" missed="1" covered="2"/><counter type="METHOD" missed="0" covered="1"/></method><method name="grabCube" desc="(Ladrenaline/Player;Ladrenaline/AmmoTile;)V" line="234"><counter type="INSTRUCTION" missed="1" covered="41"/><counter type="BRANCH" missed="1" covered="6"/><counter type="LINE" missed="1" covered="10"/><counter type="COMPLEXITY" missed="1" covered="5"/><counter type="METHOD" missed="0" covered="1"/></method><method name="grabPowerUp" desc="(Ladrenaline/Player;)V" line="267"><counter type="INSTRUCTION" missed="0" covered="14"/><counter type="BRANCH" missed="1" covered="1"/><counter type="LINE" missed="0" covered="4"/><counter type="COMPLEXITY" missed="1" covered="1"/><counter type="METHOD" missed="0" covered="1"/></method><method name="shoot" desc="()V" line="284"><counter type="INSTRUCTION" missed="0" covered="1"/><counter type="LINE" missed="0" covered="1"/><counter type="COMPLEXITY" missed="0" covered="1"/><counter type="METHOD" missed="0" covered="1"/></method><method name="reload" desc="(Ladrenaline/Player;Ladrenaline/WeaponCard;Ladrenaline/Action$PayOption;Ladrenaline/AmmoCube$Effect;Ljava/util/LinkedList;)Z" line="330"><counter type="INSTRUCTION" missed="0" covered="26"/><counter type="BRANCH" missed="0" covered="3"/><counter type="LINE" missed="0" covered="4"/><counter type="COMPLEXITY" missed="0" covered="3"/><counter type="METHOD" missed="0" covered="1"/></method><method name="reloadAmmoPower" desc="(Ladrenaline/Player;Ladrenaline/WeaponCard;Ladrenaline/AmmoCube$Effect;Ljava/util/LinkedList;)Z" line="360"><counter type="INSTRUCTION" missed="3" covered="65"/><counter type="BRANCH" missed="3" covered="8"/><counter type="LINE" missed="2" covered="18"/><counter type="COMPLEXITY" missed="3" covered="5"/><counter type="METHOD" missed="0" covered="1"/></method><method name="reloadAmmo" desc="(Ladrenaline/Player;Ladrenaline/WeaponCard;IIILadrenaline/AmmoCube$Effect;)Z" line="409"><counter type="INSTRUCTION" missed="6" covered="81"/><counter type="BRANCH" missed="5" covered="14"/><counter type="LINE" missed="3" covered="20"/><counter type="COMPLEXITY" missed="5" covered="6"/><counter type="METHOD" missed="0" covered="1"/></method><method name="canPayCard" desc="(Ladrenaline/WeaponCard;Ladrenaline/Player;Ladrenaline/Action$PayOption;Ladrenaline/AmmoCube$Effect;Ljava/util/LinkedList;)Z" line="461"><counter type="INSTRUCTION" missed="3" covered="31"/><counter type="BRANCH" missed="3" covered="6"/><counter type="LINE" missed="0" covered="5"/><counter type="COMPLEXITY" missed="2" covered="4"/><counter type="METHOD" missed="0" covered="1"/></method><method name="canPayGrab" desc="(Ladrenaline/WeaponCard;Ladrenaline/Player;Ljava/util/LinkedList;)Z" line="487"><counter type="INSTRUCTION" missed="21" covered="64"/><counter type="BRANCH" missed="10" covered="10"/><counter type="LINE" missed="4" covered="14"/><counter type="COMPLEXITY" missed="8" covered="5"/><counter type="METHOD" missed="0" covered="1"/></method><method name="canPayAmmo" desc="(Ladrenaline/WeaponCard;IIILadrenaline/AmmoCube$Effect;)Z" line="527"><counter type="INSTRUCTION" missed="0" covered="53"/><counter type="BRANCH" missed="3" covered="11"/><counter type="LINE" missed="0" covered="17"/><counter type="COMPLEXITY" missed="3" covered="6"/><counter type="METHOD" missed="0" covered="1"/></method><method name="canPayAmmoPower" desc="(Ladrenaline/WeaponCard;Ladrenaline/Player;Ljava/util/LinkedList;Ladrenaline/AmmoCube$Effect;)Z" line="570"><counter type="INSTRUCTION" missed="0" covered="52"/><counter type="BRANCH" missed="1" covered="5"/><counter type="LINE" missed="0" covered="16"/><counter type="COMPLEXITY" missed="1" covered="4"/><counter type="METHOD" missed="0" covered="1"/></method><method name="paidEffect" desc="(Ladrenaline/WeaponCard;Ladrenaline/Player;Ladrenaline/Action$PayOption;Ladrenaline/AmmoCube$Effect;Ljava/util/LinkedList;I)Ladrenaline/EffectAndNumber;" line="613"><counter type="INSTRUCTION" missed="0" covered="22"/><counter type="BRANCH" missed="0" covered="3"/><counter type="LINE" missed="0" covered="4"/><counter type="COMPLEXITY" missed="0" covered="3"/><counter type="METHOD" missed="0" covered="1"/></method><method name="payAmmo" desc="(Ladrenaline/Player;Ladrenaline/WeaponCard;Ladrenaline/AmmoCube$Effect;I)Ladrenaline/EffectAndNumber;" line="641"><counter type="INSTRUCTION" missed="28" covered="33"/><counter type="BRANCH" missed="7" covered="5"/><counter type="LINE" missed="4" covered="7"/><counter type="COMPLEXITY" missed="4" covered="3"/><counter type="METHOD" missed="0" covered="1"/></method><method name="pay" desc="(Ladrenaline/Player;Ladrenaline/AmmoCube;)V" line="677"><counter type="INSTRUCTION" missed="0" covered="25"/><counter type="BRANCH" missed="1" covered="3"/><counter type="LINE" missed="0" covered="8"/><counter type="COMPLEXITY" missed="1" covered="3"/><counter type="METHOD" missed="0" covered="1"/></method><method name="payPowerUp" desc="(Ladrenaline/WeaponCard;Ljava/util/List;Ladrenaline/Player;Ladrenaline/AmmoCube$Effect;I)Ladrenaline/EffectAndNumber;" line="707"><counter type="INSTRUCTION" missed="0" covered="44"/><counter type="BRANCH" missed="1" covered="5"/><counter type="LINE" missed="0" covered="14"/><counter type="COMPLEXITY" missed="1" covered="4"/><counter type="METHOD" missed="0" covered="1"/></method><method name="payPower" desc="(Ladrenaline/Player;Ljava/util/List;IIILadrenaline/AmmoCube$Effect;)V" line="744"><counter type="INSTRUCTION" missed="11" covered="57"/><counter type="BRANCH" missed="6" covered="14"/><counter type="LINE" missed="0" covered="16"/><counter type="COMPLEXITY" missed="4" covered="8"/><counter type="METHOD" missed="0" covered="1"/></method><method name="getEndturn" desc="()Z" line="780"><counter type="INSTRUCTION" missed="0" covered="3"/><counter type="LINE" missed="0" covered="1"/><counter type="COMPLEXITY" missed="0" covered="1"/><counter type="METHOD" missed="0" covered="1"/></method><method name="setEndTurn" desc="(Z)V" line="788"><counter type="INSTRUCTION" missed="0" covered="4"/><counter type="LINE" missed="0" covered="2"/><counter type="COMPLEXITY" missed="0" covered="1"/><counter type="METHOD" missed="0" covered="1"/></method><method name="canGetPoints" desc="(Ljava/util/List;Ljava/util/List;)V" line="801"><counter type="INSTRUCTION" missed="0" covered="91"/><counter type="BRANCH" missed="0" covered="12"/><counter type="LINE" missed="0" covered="17"/><counter type="COMPLEXITY" missed="0" covered="7"/><counter type="METHOD" missed="0" covered="1"/></method><method name="bestShooterOrder" desc="(Ljava/util/List;Ladrenaline/Player;)Ljava/util/List;" line="836"><counter type="INSTRUCTION" missed="27" covered="120"/><counter type="BRANCH" missed="6" covered="12"/><counter type="LINE" missed="5" covered="17"/><counter type="COMPLEXITY" missed="6" covered="4"/><counter type="METHOD" missed="0" covered="1"/></method><method name="bestShooterOrderWithPosition" desc="(Ljava/util/List;Ladrenaline/Player;)Ljava/util/LinkedList;" line="879"><counter type="INSTRUCTION" missed="117" covered="89"/><counter type="BRANCH" missed="25" covered="15"/><counter type="LINE" missed="15" covered="17"/><counter type="COMPLEXITY" missed="14" covered="7"/><counter type="METHOD" missed="0" covered="1"/></method><method name="orderSubListByPos" desc="(Ljava/util/LinkedList;Ladrenaline/Player;)Ljava/util/LinkedList;" line="932"><counter type="INSTRUCTION" missed="84" covered="43"/><counter type="BRANCH" missed="14" covered="6"/><counter type="LINE" missed="10" covered="9"/><counter type="COMPLEXITY" missed="8" covered="3"/><counter type="METHOD" missed="0" covered="1"/></method><method name="givePoints" desc="(Ladrenaline/Player;Ljava/util/List;)V" line="974"><counter type="INSTRUCTION" missed="23" covered="82"/><counter type="BRANCH" missed="7" covered="9"/><counter type="LINE" missed="4" covered="14"/><counter type="COMPLEXITY" missed="5" covered="4"/><counter type="METHOD" missed="0" covered="1"/></method><method name="endOfTheGame" desc="(Ladrenaline/gameboard/GameBoard;)Z" line="1011"><counter type="INSTRUCTION" missed="2" covered="5"/><counter type="BRANCH" missed="1" covered="1"/><counter type="LINE" missed="0" covered="1"/><counter type="COMPLEXITY" missed="1" covered="1"/><counter type="METHOD" missed="0" covered="1"/></method><method name="getRemaingPlayer" desc="()I" line="1018"><counter type="INSTRUCTION" missed="0" covered="3"/><counter type="LINE" missed="0" covered="1"/><counter type="COMPLEXITY" missed="0" covered="1"/><counter type="METHOD" missed="0" covered="1"/></method><method name="setRemainigPlayerMinus" desc="(I)V" line="1022"><counter type="INSTRUCTION" missed="0" covered="7"/><counter type="LINE" missed="0" covered="2"/><counter type="COMPLEXITY" missed="0" covered="1"/><counter type="METHOD" missed="0" covered="1"/></method><method name="getModel" desc="()Ladrenaline/GameModel;" line="1026"><counter type="INSTRUCTION" missed="0" covered="3"/><counter type="LINE" missed="0" covered="1"/><counter type="COMPLEXITY" missed="0" covered="1"/><counter type="METHOD" missed="0" covered="1"/></method><method name="canSee" desc="(Ladrenaline/CoordinatesWithRoom;Ladrenaline/Player;)Ljava/util/LinkedList;" line="1033"><counter type="INSTRUCTION" missed="251" covered="0"/><counter type="BRANCH" missed="36" covered="0"/><counter type="LINE" missed="31" covered="0"/><counter type="COMPLEXITY" missed="19" covered="0"/><counter type="METHOD" missed="1" covered="0"/></method><method name="newtonChoosePossibleMoveFirstCell" desc="(Ladrenaline/Player;)Ljava/util/LinkedList;" line="1090"><counter type="INSTRUCTION" missed="0" covered="14"/><counter type="LINE" missed="0" covered="2"/><counter type="COMPLEXITY" missed="0" covered="1"/><counter type="METHOD" missed="0" covered="1"/></method><method name="newtonChoosePossibleMoveFirstAllCells" desc="(Ladrenaline/Player;)Ljava/util/LinkedList;" line="1095"><counter type="INSTRUCTION" missed="0" covered="25"/><counter type="LINE" missed="0" covered="3"/><counter type="COMPLEXITY" missed="0" covered="1"/><counter type="METHOD" missed="0" covered="1"/></method><method name="removeDifferentDirection" desc="(Ljava/util/LinkedList;Ladrenaline/CoordinatesWithRoom;)Ljava/util/LinkedList;" line="1101"><counter type="INSTRUCTION" missed="15" covered="53"/><counter type="BRANCH" missed="5" covered="5"/><counter type="LINE" missed="2" covered="7"/><counter type="COMPLEXITY" missed="4" covered="2"/><counter type="METHOD" missed="0" covered="1"/></method><method name="canPayTargetingScope" desc="(Ladrenaline/AmmoCube$CubeColor;Ladrenaline/Player;)Z" line="1116"><counter type="INSTRUCTION" missed="4" covered="26"/><counter type="BRANCH" missed="3" covered="7"/><counter type="LINE" missed="0" covered="6"/><counter type="COMPLEXITY" missed="3" covered="4"/><counter type="METHOD" missed="0" covered="1"/></method><method name="finalScoring" desc="()V" line="1135"><counter type="INSTRUCTION" missed="0" covered="16"/><counter type="LINE" missed="0" covered="5"/><counter type="COMPLEXITY" missed="0" covered="1"/><counter type="METHOD" missed="0" covered="1"/></method><method name="mostPointsOrder" desc="(Ljava/util/LinkedList;)Ljava/util/LinkedList;" line="1154"><counter type="INSTRUCTION" missed="91" covered="49"/><counter type="BRANCH" missed="13" covered="7"/><counter type="LINE" missed="12" covered="10"/><counter type="COMPLEXITY" missed="7" covered="4"/><counter type="METHOD" missed="0" covered="1"/></method><method name="checkBestOrderScenario" desc="(Ljava/util/LinkedList;)Ljava/util/LinkedList;" line="1201"><counter type="INSTRUCTION" missed="129" covered="73"/><counter type="BRANCH" missed="33" covered="11"/><counter type="LINE" missed="16" covered="15"/><counter type="COMPLEXITY" missed="18" covered="5"/><counter type="METHOD" missed="0" covered="1"/></method><method name="orderByMortalPoints" desc="(Ljava/util/LinkedList;)Ljava/util/LinkedList;" line="1258"><counter type="INSTRUCTION" missed="38" covered="73"/><counter type="BRANCH" missed="9" covered="11"/><counter type="LINE" missed="6" covered="12"/><counter type="COMPLEXITY" missed="7" covered="4"/><counter type="METHOD" missed="0" covered="1"/></method><method name="setPosition" desc="(Ljava/util/LinkedList;)V" line="1295"><counter type="INSTRUCTION" missed="24" covered="100"/><counter type="BRANCH" missed="6" covered="16"/><counter type="LINE" missed="4" covered="15"/><counter type="COMPLEXITY" missed="5" covered="7"/><counter type="METHOD" missed="0" covered="1"/></method><method name="grabWeapon" desc="(Ladrenaline/Player;Ladrenaline/WeaponCard;Ladrenaline/Spawnpoint;Ljava/util/List;Ladrenaline/CoordinatesWithRoom;)V" line="1343"><counter type="INSTRUCTION" missed="3" covered="83"/><counter type="BRANCH" missed="0" covered="2"/><counter type="LINE" missed="2" covered="17"/><counter type="COMPLEXITY" missed="0" covered="2"/><counter type="METHOD" missed="0" covered="1"/></method><counter type="INSTRUCTION" missed="896" covered="1732"/><counter type="BRANCH" missed="203" covered="213"/><counter type="LINE" missed="124" covered="362"/><counter type="COMPLEXITY" missed="134" covered="132"/><counter type="METHOD" missed="1" covered="44"/><counter type="CLASS" missed="0" covered="1"/></class><class name="adrenaline/AmmoTile" sourcefilename="AmmoTile.java"><method name="&lt;init&gt;" desc="(Ladrenaline/AmmoCube$CubeColor;Ladrenaline/AmmoCube$CubeColor;Ladrenaline/AmmoCube$CubeColor;)V" line="33"><counter type="INSTRUCTION" missed="0" covered="37"/><counter type="LINE" missed="0" covered="7"/><counter type="COMPLEXITY" missed="0" covered="1"/><counter type="METHOD" missed="0" covered="1"/></method><method name="getCoordinates" desc="()Ladrenaline/Coordinates;" line="42"><counter type="INSTRUCTION" missed="0" covered="3"/><counter type="LINE" missed="0" covered="1"/><counter type="COMPLEXITY" missed="0" covered="1"/><counter type="METHOD" missed="0" covered="1"/></method><method name="setCoordinates" desc="(II)V" line="45"><counter type="INSTRUCTION" missed="0" covered="6"/><counter type="LINE" missed="0" covered="2"/><counter type="COMPLEXITY" missed="0" covered="1"/><counter type="METHOD" missed="0" covered="1"/></method><method name="getAmmoCubes" desc="()Ljava/util/List;" line="48"><counter type="INSTRUCTION" missed="0" covered="3"/><counter type="LINE" missed="0" covered="1"/><counter type="COMPLEXITY" missed="0" covered="1"/><counter type="METHOD" missed="0" covered="1"/></method><method name="toString" desc="()Ljava/lang/String;" line="53"><counter type="INSTRUCTION" missed="0" covered="23"/><counter type="LINE" missed="0" covered="1"/><counter type="COMPLEXITY" missed="0" covered="1"/><counter type="METHOD" missed="0" covered="1"/></method><counter type="INSTRUCTION" missed="0" covered="72"/><counter type="LINE" missed="0" covered="12"/><counter type="COMPLEXITY" missed="0" covered="5"/><counter type="METHOD" missed="0" covered="5"/><counter type="CLASS" missed="0" covered="1"/></class><class name="adrenaline/AmmoCube$Effect" sourcefilename="AmmoCube.java"><method name="&lt;clinit&gt;" desc="()V" line="20"><counter type="INSTRUCTION" missed="0" covered="54"/><counter type="LINE" missed="0" covered="2"/><counter type="COMPLEXITY" missed="0" covered="1"/><counter type="METHOD" missed="0" covered="1"/></method><counter type="INSTRUCTION" missed="0" covered="54"/><counter type="LINE" missed="0" covered="2"/><counter type="COMPLEXITY" missed="0" covered="1"/><counter type="METHOD" missed="0" covered="1"/><counter type="CLASS" missed="0" covered="1"/></class><class name="adrenaline/RoomDom" sourcefilename="RoomDom.java"><method name="&lt;init&gt;" desc="(II)V" line="23"><counter type="INSTRUCTION" missed="10" covered="0"/><counter type="LINE" missed="3" covered="0"/><counter type="COMPLEXITY" missed="1" covered="0"/><counter type="METHOD" missed="1" covered="0"/></method><method name="addSpawnpoint" desc="(Ladrenaline/Spawnpoint;)V" line="35"><counter type="INSTRUCTION" missed="7" covered="0"/><counter type="LINE" missed="2" covered="0"/><counter type="COMPLEXITY" missed="1" covered="0"/><counter type="METHOD" missed="1" covered="0"/></method><counter type="INSTRUCTION" missed="17" covered="0"/><counter type="LINE" missed="5" covered="0"/><counter type="COMPLEXITY" missed="2" covered="0"/><counter type="METHOD" missed="2" covered="0"/><counter type="CLASS" missed="1" covered="0"/></class><class name="adrenaline/GameModel" sourcefilename="GameModel.java"><method name="&lt;init&gt;" desc="(Ladrenaline/GameModel$Mode;Ladrenaline/GameModel$Bot;IZ)V" line="23"><counter type="INSTRUCTION" missed="11" covered="68"/><counter type="BRANCH" missed="2" covered="4"/><counter type="LINE" missed="3" covered="20"/><counter type="COMPLEXITY" missed="2" covered="3"/><counter type="METHOD" missed="0" covered="1"/></method><method name="hasFrenzyOn" desc="()Z" line="90"><counter type="INSTRUCTION" missed="8" covered="0"/><counter type="BRANCH" missed="2" covered="0"/><counter type="LINE" missed="3" covered="0"/><counter type="COMPLEXITY" missed="2" covered="0"/><counter type="METHOD" missed="1" covered="0"/></method><method name="addPlayer" desc="(Ladrenaline/Player;)V" line="103"><counter type="INSTRUCTION" missed="0" covered="6"/><counter type="LINE" missed="0" covered="2"/><counter type="COMPLEXITY" missed="0" covered="1"/><counter type="METHOD" missed="0" covered="1"/></method><method name="getMapUsed" desc="()Ladrenaline/gameboard/Map;" line="107"><counter type="INSTRUCTION" missed="0" covered="3"/><counter type="LINE" missed="0" covered="1"/><counter type="COMPLEXITY" missed="0" covered="1"/><counter type="METHOD" missed="0" covered="1"/></method><method name="getPlayers" desc="()Ljava/util/List;" line="111"><counter type="INSTRUCTION" missed="0" covered="3"/><counter type="LINE" missed="0" covered="1"/><counter type="COMPLEXITY" missed="0" covered="1"/><counter type="METHOD" missed="0" covered="1"/></method><method name="startingMap" desc="()V" line="120"><counter type="INSTRUCTION" missed="0" covered="57"/><counter type="BRANCH" missed="0" covered="8"/><counter type="LINE" missed="0" covered="11"/><counter type="COMPLEXITY" missed="0" covered="5"/><counter type="METHOD" missed="0" covered="1"/></method><method name="populateMap" desc="()V" line="146"><counter type="INSTRUCTION" missed="0" covered="47"/><counter type="BRANCH" missed="1" covered="7"/><counter type="LINE" missed="0" covered="8"/><counter type="COMPLEXITY" missed="1" covered="4"/><counter type="METHOD" missed="0" covered="1"/></method><method name="populateAmmoTile" desc="()V" line="165"><counter type="INSTRUCTION" missed="0" covered="58"/><counter type="BRANCH" missed="0" covered="8"/><counter type="LINE" missed="0" covered="10"/><counter type="COMPLEXITY" missed="0" covered="5"/><counter type="METHOD" missed="0" covered="1"/></method><method name="isSpawnpointCoordinates" desc="(IILadrenaline/Room;)Z" line="189"><counter type="INSTRUCTION" missed="0" covered="43"/><counter type="BRANCH" missed="0" covered="10"/><counter type="LINE" missed="0" covered="7"/><counter type="COMPLEXITY" missed="0" covered="6"/><counter type="METHOD" missed="0" covered="1"/></method><counter type="INSTRUCTION" missed="19" covered="285"/><counter type="BRANCH" missed="5" covered="37"/><counter type="LINE" missed="6" covered="60"/><counter type="COMPLEXITY" missed="5" covered="26"/><counter type="METHOD" missed="1" covered="8"/><counter type="CLASS" missed="0" covered="1"/></class><class name="adrenaline/Action$Direction" sourcefilename="Action.java"><method name="&lt;clinit&gt;" desc="()V" line="29"><counter type="INSTRUCTION" missed="4" covered="0"/><counter type="LINE" missed="1" covered="0"/><counter type="COMPLEXITY" missed="1" covered="0"/><counter type="METHOD" missed="1" covered="0"/></method><counter type="INSTRUCTION" missed="4" covered="0"/><counter type="LINE" missed="1" covered="0"/><counter type="COMPLEXITY" missed="1" covered="0"/><counter type="METHOD" missed="1" covered="0"/><counter type="CLASS" missed="1" covered="0"/></class><class name="adrenaline/Card" sourcefilename="Card.java"><method name="&lt;init&gt;" desc="()V" line="14"><counter type="INSTRUCTION" missed="0" covered="3"/><counter type="LINE" missed="0" covered="1"/><counter type="COMPLEXITY" missed="0" covered="1"/><counter type="METHOD" missed="0" covered="1"/></method><counter type="INSTRUCTION" missed="0" covered="3"/><counter type="LINE" missed="0" covered="1"/><counter type="COMPLEXITY" missed="0" covered="1"/><counter type="METHOD" missed="0" covered="1"/><counter type="CLASS" missed="0" covered="1"/></class><class name="adrenaline/SpawnpointDom" sourcefilename="SpawnpointDom.java"><method name="&lt;init&gt;" desc="()V" line="10"><counter type="INSTRUCTION" missed="0" covered="3"/><counter type="LINE" missed="0" covered="2"/><counter type="COMPLEXITY" missed="0" covered="1"/><counter type="METHOD" missed="0" covered="1"/></method><method name="&lt;init&gt;" desc="(II)V" line="12"><counter type="INSTRUCTION" missed="9" covered="0"/><counter type="LINE" missed="4" covered="0"/><counter type="COMPLEXITY" missed="1" covered="0"/><counter type="METHOD" missed="1" covered="0"/></method><counter type="INSTRUCTION" missed="9" covered="3"/><counter type="LINE" missed="4" covered="2"/><counter type="COMPLEXITY" missed="1" covered="1"/><counter type="METHOD" missed="1" covered="1"/><counter type="CLASS" missed="0" covered="1"/></class><class name="adrenaline/WeaponDeck" sourcefilename="WeaponDeck.java"><method name="&lt;init&gt;" desc="()V" line="15"><counter type="INSTRUCTION" missed="0" covered="155"/><counter type="LINE" missed="0" covered="24"/><counter type="COMPLEXITY" missed="0" covered="1"/><counter type="METHOD" missed="0" covered="1"/></method><method name="getList" desc="()Ljava/util/LinkedList;" line="44"><counter type="INSTRUCTION" missed="0" covered="3"/><counter type="LINE" missed="0" covered="1"/><counter type="COMPLEXITY" missed="0" covered="1"/><counter type="METHOD" missed="0" covered="1"/></method><method name="shuffleCards" desc="()V" line="50"><counter type="INSTRUCTION" missed="0" covered="4"/><counter type="LINE" missed="0" covered="2"/><counter type="COMPLEXITY" missed="0" covered="1"/><counter type="METHOD" missed="0" covered="1"/></method><method name="pickUpWeapon" desc="()Ladrenaline/WeaponCard;" line="59"><counter type="INSTRUCTION" missed="0" covered="5"/><counter type="LINE" missed="0" covered="1"/><counter type="COMPLEXITY" missed="0" covered="1"/><counter type="METHOD" missed="0" covered="1"/></method><counter type="INSTRUCTION" missed="0" covered="167"/><counter type="LINE" missed="0" covered="28"/><counter type="COMPLEXITY" missed="0" covered="4"/><counter type="METHOD" missed="0" covered="4"/><counter type="CLASS" missed="0" covered="1"/></class><class name="adrenaline/GameModel$Bot" sourcefilename="GameModel.java"><method name="&lt;clinit&gt;" desc="()V" line="28"><counter type="INSTRUCTION" missed="0" covered="24"/><counter type="LINE" missed="0" covered="2"/><counter type="COMPLEXITY" missed="0" covered="1"/><counter type="METHOD" missed="0" covered="1"/></method><counter type="INSTRUCTION" missed="0" covered="24"/><counter type="LINE" missed="0" covered="2"/><counter type="COMPLEXITY" missed="0" covered="1"/><counter type="METHOD" missed="0" covered="1"/><counter type="CLASS" missed="0" covered="1"/></class><class name="adrenaline/DominationBoard" sourcefilename="DominationBoard.java"><method name="&lt;init&gt;" desc="()V" line="21"><counter type="INSTRUCTION" missed="0" covered="8"/><counter type="LINE" missed="0" covered="3"/><counter type="COMPLEXITY" missed="0" covered="1"/><counter type="METHOD" missed="0" covered="1"/></method><method name="addRoom" desc="(Ladrenaline/RoomDom;)V" line="34"><counter type="INSTRUCTION" missed="12" covered="0"/><counter type="LINE" missed="3" covered="0"/><counter type="COMPLEXITY" missed="1" covered="0"/><counter type="METHOD" missed="1" covered="0"/></method><method name="getRoom" desc="(I)Ladrenaline/RoomDom;" line="40"><counter type="INSTRUCTION" missed="6" covered="0"/><counter type="LINE" missed="1" covered="0"/><counter type="COMPLEXITY" missed="1" covered="0"/><counter type="METHOD" missed="1" covered="0"/></method><counter type="INSTRUCTION" missed="18" covered="8"/><counter type="LINE" missed="4" covered="3"/><counter type="COMPLEXITY" missed="2" covered="1"/><counter type="METHOD" missed="2" covered="1"/><counter type="CLASS" missed="0" covered="1"/></class><class name="adrenaline/DeathmatchBoard" sourcefilename="DeathmatchBoard.java"><method name="&lt;init&gt;" desc="()V" line="22"><counter type="INSTRUCTION" missed="0" covered="8"/><counter type="LINE" missed="0" covered="3"/><counter type="COMPLEXITY" missed="0" covered="1"/><counter type="METHOD" missed="0" covered="1"/></method><method name="addRoom" desc="(Ladrenaline/RoomDeath;)V" line="36"><counter type="INSTRUCTION" missed="0" covered="12"/><counter type="LINE" missed="0" covered="3"/><counter type="COMPLEXITY" missed="0" covered="1"/><counter type="METHOD" missed="0" covered="1"/></method><method name="getRoom" desc="(I)Ladrenaline/RoomDeath;" line="42"><counter type="INSTRUCTION" missed="0" covered="6"/><counter type="LINE" missed="0" covered="1"/><counter type="COMPLEXITY" missed="0" covered="1"/><counter type="METHOD" missed="0" covered="1"/></method><method name="getRooms" desc="()Ljava/util/List;" line="46"><counter type="INSTRUCTION" missed="0" covered="3"/><counter type="LINE" missed="0" covered="1"/><counter type="COMPLEXITY" missed="0" covered="1"/><counter type="METHOD" missed="0" covered="1"/></method><counter type="INSTRUCTION" missed="0" covered="29"/><counter type="LINE" missed="0" covered="8"/><counter type="COMPLEXITY" missed="0" covered="4"/><counter type="METHOD" missed="0" covered="4"/><counter type="CLASS" missed="0" covered="1"/></class><class name="adrenaline/Spawnpoint" sourcefilename="Spawnpoint.java"><method name="&lt;init&gt;" desc="()V" line="12"><counter type="INSTRUCTION" missed="0" covered="8"/><counter type="LINE" missed="0" covered="3"/><counter type="COMPLEXITY" missed="0" covered="1"/><counter type="METHOD" missed="0" covered="1"/></method><method name="&lt;init&gt;" desc="(II)V" line="16"><counter type="INSTRUCTION" missed="0" covered="14"/><counter type="LINE" missed="0" covered="5"/><counter type="COMPLEXITY" missed="0" covered="1"/><counter type="METHOD" missed="0" covered="1"/></method><method name="getSpawnpointX" desc="()I" line="24"><counter type="INSTRUCTION" missed="0" covered="3"/><counter type="LINE" missed="0" covered="1"/><counter type="COMPLEXITY" missed="0" covered="1"/><counter type="METHOD" missed="0" covered="1"/></method><method name="getSpawnpointY" desc="()I" line="29"><counter type="INSTRUCTION" missed="0" covered="3"/><counter type="LINE" missed="0" covered="1"/><counter type="COMPLEXITY" missed="0" covered="1"/><counter type="METHOD" missed="0" covered="1"/></method><method name="addWeaponCard" desc="(Ladrenaline/WeaponCard;)V" line="32"><counter type="INSTRUCTION" missed="0" covered="6"/><counter type="LINE" missed="0" covered="2"/><counter type="COMPLEXITY" missed="0" covered="1"/><counter type="METHOD" missed="0" covered="1"/></method><method name="getWeaponCards" desc="()Ljava/util/LinkedList;" line="35"><counter type="INSTRUCTION" missed="0" covered="3"/><counter type="LINE" missed="0" covered="1"/><counter type="COMPLEXITY" missed="0" covered="1"/><counter type="METHOD" missed="0" covered="1"/></method><method name="setColor" desc="(Ladrenaline/AmmoCube$CubeColor;)V" line="38"><counter type="INSTRUCTION" missed="0" covered="4"/><counter type="LINE" missed="0" covered="2"/><counter type="COMPLEXITY" missed="0" covered="1"/><counter type="METHOD" missed="0" covered="1"/></method><method name="getColor" desc="()Ladrenaline/AmmoCube$CubeColor;" line="40"><counter type="INSTRUCTION" missed="3" covered="0"/><counter type="LINE" missed="1" covered="0"/><counter type="COMPLEXITY" missed="1" covered="0"/><counter type="METHOD" missed="1" covered="0"/></method><counter type="INSTRUCTION" missed="3" covered="41"/><counter type="LINE" missed="1" covered="15"/><counter type="COMPLEXITY" missed="1" covered="7"/><counter type="METHOD" missed="1" covered="7"/><counter type="CLASS" missed="0" covered="1"/></class><class name="adrenaline/Action$PayOption" sourcefilename="Action.java"><method name="&lt;clinit&gt;" desc="()V" line="32"><counter type="INSTRUCTION" missed="0" covered="34"/><counter type="LINE" missed="0" covered="2"/><counter type="COMPLEXITY" missed="0" covered="1"/><counter type="METHOD" missed="0" covered="1"/></method><counter type="INSTRUCTION" missed="0" covered="34"/><counter type="LINE" missed="0" covered="2"/><counter type="COMPLEXITY" missed="0" covered="1"/><counter type="METHOD" missed="0" covered="1"/><counter type="CLASS" missed="0" covered="1"/></class><class name="adrenaline/Coordinates" sourcefilename="Coordinates.java"><method name="&lt;init&gt;" desc="()V" line="18"><counter type="INSTRUCTION" missed="0" covered="9"/><counter type="LINE" missed="0" covered="4"/><counter type="COMPLEXITY" missed="0" covered="1"/><counter type="METHOD" missed="0" covered="1"/></method><method name="&lt;init&gt;" desc="(II)V" line="29"><counter type="INSTRUCTION" missed="0" covered="9"/><counter type="LINE" missed="0" covered="4"/><counter type="COMPLEXITY" missed="0" covered="1"/><counter type="METHOD" missed="0" covered="1"/></method><method name="equals" desc="(Ljava/lang/Object;)Z" line="35"><counter type="INSTRUCTION" missed="16" covered="0"/><counter type="BRANCH" missed="4" covered="0"/><counter type="LINE" missed="1" covered="0"/><counter type="COMPLEXITY" missed="3" covered="0"/><counter type="METHOD" missed="1" covered="0"/></method><method name="getX" desc="()I" line="39"><counter type="INSTRUCTION" missed="0" covered="3"/><counter type="LINE" missed="0" covered="1"/><counter type="COMPLEXITY" missed="0" covered="1"/><counter type="METHOD" missed="0" covered="1"/></method><method name="setX" desc="(I)V" line="43"><counter type="INSTRUCTION" missed="0" covered="4"/><counter type="LINE" missed="0" covered="2"/><counter type="COMPLEXITY" missed="0" covered="1"/><counter type="METHOD" missed="0" covered="1"/></method><method name="getY" desc="()I" line="47"><counter type="INSTRUCTION" missed="0" covered="3"/><counter type="LINE" missed="0" covered="1"/><counter type="COMPLEXITY" missed="0" covered="1"/><counter type="METHOD" missed="0" covered="1"/></method><method name="setY" desc="(I)V" line="51"><counter type="INSTRUCTION" missed="0" covered="4"/><counter type="LINE" missed="0" covered="2"/><counter type="COMPLEXITY" missed="0" covered="1"/><counter type="METHOD" missed="0" covered="1"/></method><method name="setCoordinates" desc="(II)V" line="55"><counter type="INSTRUCTION" missed="0" covered="7"/><counter type="LINE" missed="0" covered="3"/><counter type="COMPLEXITY" missed="0" covered="1"/><counter type="METHOD" missed="0" covered="1"/></method><method name="toString" desc="()Ljava/lang/String;" line="60"><counter type="INSTRUCTION" missed="0" covered="6"/><counter type="LINE" missed="0" covered="1"/><counter type="COMPLEXITY" missed="0" covered="1"/><counter type="METHOD" missed="0" covered="1"/></method><counter type="INSTRUCTION" missed="16" covered="45"/><counter type="BRANCH" missed="4" covered="0"/><counter type="LINE" missed="1" covered="18"/><counter type="COMPLEXITY" missed="3" covered="8"/><counter type="METHOD" missed="1" covered="8"/><counter type="CLASS" missed="0" covered="1"/></class><class name="adrenaline/PowerUpDeck" sourcefilename="PowerUpDeck.java"><method name="&lt;init&gt;" desc="()V" line="20"><counter type="INSTRUCTION" missed="0" covered="116"/><counter type="BRANCH" missed="0" covered="2"/><counter type="LINE" missed="0" covered="17"/><counter type="COMPLEXITY" missed="0" covered="2"/><counter type="METHOD" missed="0" covered="1"/></method><method name="getPowerUpDeck" desc="()Ljava/util/LinkedList;" line="43"><counter type="INSTRUCTION" missed="0" covered="3"/><counter type="LINE" missed="0" covered="1"/><counter type="COMPLEXITY" missed="0" covered="1"/><counter type="METHOD" missed="0" covered="1"/></method><method name="shuffleCards" desc="()V" line="50"><counter type="INSTRUCTION" missed="0" covered="4"/><counter type="LINE" missed="0" covered="2"/><counter type="COMPLEXITY" missed="0" covered="1"/><counter type="METHOD" missed="0" covered="1"/></method><method name="pickPowerUp" desc="()Ladrenaline/PowerUpCard;" line="61"><counter type="INSTRUCTION" missed="0" covered="31"/><counter type="BRANCH" missed="0" covered="2"/><counter type="LINE" missed="0" covered="7"/><counter type="COMPLEXITY" missed="0" covered="2"/><counter type="METHOD" missed="0" covered="1"/></method><method name="setUsedPowerUp" desc="(Ladrenaline/PowerUpCard;)V" line="77"><counter type="INSTRUCTION" missed="0" covered="6"/><counter type="LINE" missed="0" covered="2"/><counter type="COMPLEXITY" missed="0" covered="1"/><counter type="METHOD" missed="0" covered="1"/></method><method name="shuffleUsedPowerUp" desc="()V" line="85"><counter type="INSTRUCTION" missed="0" covered="4"/><counter type="LINE" missed="0" covered="2"/><counter type="COMPLEXITY" missed="0" covered="1"/><counter type="METHOD" missed="0" covered="1"/></method><method name="getUsedPowerUp" desc="()Ljava/util/LinkedList;" line="93"><counter type="INSTRUCTION" missed="0" covered="3"/><counter type="LINE" missed="0" covered="1"/><counter type="COMPLEXITY" missed="0" covered="1"/><counter type="METHOD" missed="0" covered="1"/></method><counter type="INSTRUCTION" missed="0" covered="167"/><counter type="BRANCH" missed="0" covered="4"/><counter type="LINE" missed="0" covered="32"/><counter type="COMPLEXITY" missed="0" covered="9"/><counter type="METHOD" missed="0" covered="7"/><counter type="CLASS" missed="0" covered="1"/></class><class name="adrenaline/GameModel$Mode" sourcefilename="GameModel.java"><method name="&lt;clinit&gt;" desc="()V" line="25"><counter type="INSTRUCTION" missed="0" covered="24"/><counter type="LINE" missed="0" covered="2"/><counter type="COMPLEXITY" missed="0" covered="1"/><counter type="METHOD" missed="0" covered="1"/></method><counter type="INSTRUCTION" missed="0" covered="24"/><counter type="LINE" missed="0" covered="2"/><counter type="COMPLEXITY" missed="0" covered="1"/><counter type="METHOD" missed="0" covered="1"/><counter type="CLASS" missed="0" covered="1"/></class><class name="adrenaline/AmmoCube$CubeColor" sourcefilename="AmmoCube.java"><method name="&lt;clinit&gt;" desc="()V" line="17"><counter type="INSTRUCTION" missed="0" covered="54"/><counter type="LINE" missed="0" covered="2"/><counter type="COMPLEXITY" missed="0" covered="1"/><counter type="METHOD" missed="0" covered="1"/></method><counter type="INSTRUCTION" missed="0" covered="54"/><counter type="LINE" missed="0" covered="2"/><counter type="COMPLEXITY" missed="0" covered="1"/><counter type="METHOD" missed="0" covered="1"/><counter type="CLASS" missed="0" covered="1"/></class><class name="adrenaline/Player" sourcefilename="Player.java"><method name="setDamagedStatus" desc="(Z)V" line="46"><counter type="INSTRUCTION" missed="0" covered="4"/><counter type="LINE" missed="0" covered="2"/><counter type="COMPLEXITY" missed="0" covered="1"/><counter type="METHOD" missed="0" covered="1"/></method><method name="damagedStatus" desc="()Z" line="49"><counter type="INSTRUCTION" missed="0" covered="3"/><counter type="LINE" missed="0" covered="1"/><counter type="COMPLEXITY" missed="0" covered="1"/><counter type="METHOD" missed="0" covered="1"/></method><method name="setShooter" desc="(Ljava/lang/String;)V" line="52"><counter type="INSTRUCTION" missed="0" covered="4"/><counter type="LINE" missed="0" covered="2"/><counter type="COMPLEXITY" missed="0" covered="1"/><counter type="METHOD" missed="0" covered="1"/></method><method name="getShooter" desc="()Ljava/lang/String;" line="55"><counter type="INSTRUCTION" missed="0" covered="3"/><counter type="LINE" missed="0" covered="1"/><counter type="COMPLEXITY" missed="0" covered="1"/><counter type="METHOD" missed="0" covered="1"/></method><method name="&lt;init&gt;" desc="()V" line="17"><counter type="INSTRUCTION" missed="18" covered="0"/><counter type="LINE" missed="7" covered="0"/><counter type="COMPLEXITY" missed="1" covered="0"/><counter type="METHOD" missed="1" covered="0"/></method><method name="&lt;init&gt;" desc="(Ljava/lang/String;Ladrenaline/Figure$PlayerColor;)V" line="17"><counter type="INSTRUCTION" missed="0" covered="307"/><counter type="LINE" missed="0" covered="26"/><counter type="COMPLEXITY" missed="0" covered="1"/><counter type="METHOD" missed="0" covered="1"/></method><method name="&lt;init&gt;" desc="(Ladrenaline/CoordinatesWithRoom;Ladrenaline/Figure$PlayerColor;)V" line="17"><counter type="INSTRUCTION" missed="0" covered="291"/><counter type="LINE" missed="0" covered="26"/><counter type="COMPLEXITY" missed="0" covered="1"/><counter type="METHOD" missed="0" covered="1"/></method><method name="toString" desc="()Ljava/lang/String;" line="143"><counter type="INSTRUCTION" missed="0" covered="6"/><counter type="LINE" missed="0" covered="1"/><counter type="COMPLEXITY" missed="0" covered="1"/><counter type="METHOD" missed="0" covered="1"/></method><method name="getColor" desc="()Ladrenaline/Figure$PlayerColor;" line="150"><counter type="INSTRUCTION" missed="0" covered="3"/><counter type="LINE" missed="0" covered="1"/><counter type="COMPLEXITY" missed="0" covered="1"/><counter type="METHOD" missed="0" covered="1"/></method><method name="getTrack" desc="()[Ladrenaline/Figure$PlayerColor;" line="157"><counter type="INSTRUCTION" missed="0" covered="3"/><counter type="LINE" missed="0" covered="1"/><counter type="COMPLEXITY" missed="0" covered="1"/><counter type="METHOD" missed="0" covered="1"/></method><method name="getMarks" desc="()[Ladrenaline/Figure$PlayerColor;" line="164"><counter type="INSTRUCTION" missed="0" covered="3"/><counter type="LINE" missed="0" covered="1"/><counter type="COMPLEXITY" missed="0" covered="1"/><counter type="METHOD" missed="0" covered="1"/></method><method name="checkDamage" desc="()I" line="173"><counter type="INSTRUCTION" missed="10" covered="14"/><counter type="BRANCH" missed="4" covered="2"/><counter type="LINE" missed="2" covered="3"/><counter type="COMPLEXITY" missed="3" covered="1"/><counter type="METHOD" missed="0" covered="1"/></method><method name="setPlayerPosition" desc="(II)V" line="196"><counter type="INSTRUCTION" missed="6" covered="0"/><counter type="LINE" missed="2" covered="0"/><counter type="COMPLEXITY" missed="1" covered="0"/><counter type="METHOD" missed="1" covered="0"/></method><method name="setPlayerPosition" desc="(IILadrenaline/Room;)V" line="206"><counter type="INSTRUCTION" missed="0" covered="10"/><counter type="LINE" missed="0" covered="3"/><counter type="COMPLEXITY" missed="0" covered="1"/><counter type="METHOD" missed="0" covered="1"/></method><method name="setPlayerPositionSpawnpoint" desc="(Ladrenaline/CoordinatesWithRoom;)V" line="215"><counter type="INSTRUCTION" missed="0" covered="4"/><counter type="LINE" missed="0" covered="2"/><counter type="COMPLEXITY" missed="0" covered="1"/><counter type="METHOD" missed="0" covered="1"/></method><method name="setPlayerPosition" desc="(Ladrenaline/CoordinatesWithRoom;)V" line="219"><counter type="INSTRUCTION" missed="0" covered="4"/><counter type="LINE" missed="0" covered="2"/><counter type="COMPLEXITY" missed="0" covered="1"/><counter type="METHOD" missed="0" covered="1"/></method><method name="getPlayerRoom" desc="()Ladrenaline/Room;" line="232"><counter type="INSTRUCTION" missed="0" covered="4"/><counter type="LINE" missed="0" covered="1"/><counter type="COMPLEXITY" missed="0" covered="1"/><counter type="METHOD" missed="0" covered="1"/></method><method name="getPlayerPositionX" desc="()I" line="239"><counter type="INSTRUCTION" missed="0" covered="4"/><counter type="LINE" missed="0" covered="1"/><counter type="COMPLEXITY" missed="0" covered="1"/><counter type="METHOD" missed="0" covered="1"/></method><method name="getPlayerPositionY" desc="()I" line="246"><counter type="INSTRUCTION" missed="0" covered="4"/><counter type="LINE" missed="0" covered="1"/><counter type="COMPLEXITY" missed="0" covered="1"/><counter type="METHOD" missed="0" covered="1"/></method><method name="newLife" desc="()V" line="254"><counter type="INSTRUCTION" missed="0" covered="58"/><counter type="LINE" missed="0" covered="4"/><counter type="COMPLEXITY" missed="0" covered="1"/><counter type="METHOD" missed="0" covered="1"/></method><method name="canGrabPowerUp" desc="()Z" line="283"><counter type="INSTRUCTION" missed="1" covered="8"/><counter type="BRANCH" missed="1" covered="1"/><counter type="LINE" missed="0" covered="1"/><counter type="COMPLEXITY" missed="1" covered="1"/><counter type="METHOD" missed="0" covered="1"/></method><method name="canGrabWeapon" desc="()Z" line="290"><counter type="INSTRUCTION" missed="9" covered="0"/><counter type="BRANCH" missed="2" covered="0"/><counter type="LINE" missed="1" covered="0"/><counter type="COMPLEXITY" missed="2" covered="0"/><counter type="METHOD" missed="1" covered="0"/></method><method name="getPointsArray" desc="()[Z" line="299"><counter type="INSTRUCTION" missed="3" covered="0"/><counter type="LINE" missed="1" covered="0"/><counter type="COMPLEXITY" missed="1" covered="0"/><counter type="METHOD" missed="1" covered="0"/></method><method name="isDead" desc="()Z" line="306"><counter type="INSTRUCTION" missed="10" covered="0"/><counter type="BRANCH" missed="2" covered="0"/><counter type="LINE" missed="1" covered="0"/><counter type="COMPLEXITY" missed="2" covered="0"/><counter type="METHOD" missed="1" covered="0"/></method><method name="getAmmoBox" desc="()[I" line="313"><counter type="INSTRUCTION" missed="0" covered="3"/><counter type="LINE" missed="0" covered="1"/><counter type="COMPLEXITY" missed="0" covered="1"/><counter type="METHOD" missed="0" covered="1"/></method><method name="getHand" desc="()Ljava/util/List;" line="320"><counter type="INSTRUCTION" missed="0" covered="3"/><counter type="LINE" missed="0" covered="1"/><counter type="COMPLEXITY" missed="0" covered="1"/><counter type="METHOD" missed="0" covered="1"/></method><method name="trackEmptyCell" desc="()I" line="329"><counter type="INSTRUCTION" missed="0" covered="22"/><counter type="BRANCH" missed="0" covered="4"/><counter type="LINE" missed="0" covered="6"/><counter type="COMPLEXITY" missed="0" covered="3"/><counter type="METHOD" missed="0" covered="1"/></method><method name="getPowerUp" desc="()Ljava/util/List;" line="340"><counter type="INSTRUCTION" missed="0" covered="3"/><counter type="LINE" missed="0" covered="1"/><counter type="COMPLEXITY" mis
[...]
nr="3417" mi="6" ci="0" mb="0" cb="0"/><line nr="3418" mi="1" ci="0" mb="0" cb="0"/><line nr="3419" mi="6" ci="0" mb="0" cb="0"/><line nr="3420" mi="4" ci="0" mb="0" cb="0"/><line nr="3421" mi="1" ci="0" mb="0" cb="0"/><line nr="3422" mi="3" ci="0" mb="0" cb="0"/><line nr="3423" mi="3" ci="0" mb="0" cb="0"/><line nr="3425" mi="5" ci="0" mb="0" cb="0"/><line nr="3426" mi="4" ci="0" mb="0" cb="0"/><line nr="3427" mi="4" ci="0" mb="0" cb="0"/><line nr="3433" mi="2" ci="0" mb="0" cb="0"/><line nr="3434" mi="5" ci="0" mb="4" cb="0"/><line nr="3435" mi="6" ci="0" mb="2" cb="0"/><line nr="3436" mi="12" ci="0" mb="2" cb="0"/><line nr="3437" mi="12" ci="0" mb="2" cb="0"/><line nr="3438" mi="11" ci="0" mb="2" cb="0"/><line nr="3439" mi="5" ci="0" mb="2" cb="0"/><line nr="3440" mi="10" ci="0" mb="2" cb="0"/><line nr="3442" mi="3" ci="0" mb="0" cb="0"/><line nr="3444" mi="4" ci="0" mb="2" cb="0"/><line nr="3445" mi="4" ci="0" mb="0" cb="0"/><line nr="3447" mi="4" ci="0" mb="2" cb="0"/><line nr="3448" mi="5" ci="0" mb="0" cb="0"/><line nr="3452" mi="5" ci="0" mb="0" cb="0"/><line nr="3453" mi="4" ci="0" mb="0" cb="0"/><line nr="3455" mi="1" ci="0" mb="0" cb="0"/><line nr="3456" mi="3" ci="0" mb="0" cb="0"/><line nr="3457" mi="3" ci="0" mb="0" cb="0"/><line nr="3458" mi="3" ci="0" mb="0" cb="0"/><line nr="3460" mi="4" ci="0" mb="0" cb="0"/><line nr="3463" mi="4" ci="0" mb="2" cb="0"/><line nr="3464" mi="6" ci="0" mb="0" cb="0"/><line nr="3465" mi="9" ci="0" mb="0" cb="0"/><line nr="3466" mi="5" ci="0" mb="0" cb="0"/><line nr="3467" mi="4" ci="0" mb="0" cb="0"/><line nr="3469" mi="2" ci="0" mb="0" cb="0"/><line nr="3470" mi="1" ci="0" mb="0" cb="0"/><line nr="3472" mi="2" ci="0" mb="0" cb="0"/><line nr="3473" mi="6" ci="0" mb="0" cb="0"/><line nr="3474" mi="9" ci="0" mb="0" cb="0"/><line nr="3475" mi="3" ci="0" mb="2" cb="0"/><line nr="3477" mi="3" ci="0" mb="0" cb="0"/><line nr="3478" mi="5" ci="0" mb="0" cb="0"/><line nr="3479" mi="6" ci="0" mb="0" cb="0"/><line nr="3480" mi="1" ci="0" mb="0" cb="0"/><line nr="3481" mi="4" ci="0" mb="0" cb="0"/><line nr="3482" mi="2" ci="0" mb="0" cb="0"/><line nr="3483" mi="4" ci="0" mb="0" cb="0"/><line nr="3485" mi="5" ci="0" mb="0" cb="0"/><line nr="3486" mi="4" ci="0" mb="0" cb="0"/><line nr="3488" mi="4" ci="0" mb="2" cb="0"/><line nr="3490" mi="3" ci="0" mb="0" cb="0"/><line nr="3491" mi="5" ci="0" mb="0" cb="0"/><line nr="3492" mi="5" ci="0" mb="2" cb="0"/><line nr="3494" mi="5" ci="0" mb="0" cb="0"/><line nr="3495" mi="3" ci="0" mb="2" cb="0"/><line nr="3496" mi="3" ci="0" mb="0" cb="0"/><line nr="3497" mi="5" ci="0" mb="0" cb="0"/><line nr="3498" mi="6" ci="0" mb="0" cb="0"/><line nr="3499" mi="1" ci="0" mb="0" cb="0"/><line nr="3500" mi="9" ci="0" mb="0" cb="0"/><line nr="3501" mi="2" ci="0" mb="0" cb="0"/><line nr="3502" mi="13" ci="0" mb="0" cb="0"/><line nr="3503" mi="1" ci="0" mb="0" cb="0"/><line nr="3504" mi="3" ci="0" mb="0" cb="0"/><line nr="3505" mi="3" ci="0" mb="0" cb="0"/><line nr="3506" mi="2" ci="0" mb="0" cb="0"/><line nr="3507" mi="4" ci="0" mb="0" cb="0"/><line nr="3511" mi="1" ci="0" mb="0" cb="0"/><line nr="3512" mi="3" ci="0" mb="0" cb="0"/><line nr="3513" mi="3" ci="0" mb="0" cb="0"/><line nr="3514" mi="3" ci="0" mb="0" cb="0"/><line nr="3515" mi="4" ci="0" mb="0" cb="0"/><line nr="3519" mi="2" ci="0" mb="0" cb="0"/><line nr="3520" mi="6" ci="0" mb="0" cb="0"/><line nr="3521" mi="9" ci="0" mb="0" cb="0"/><line nr="3522" mi="3" ci="0" mb="2" cb="0"/><line nr="3524" mi="3" ci="0" mb="0" cb="0"/><line nr="3525" mi="5" ci="0" mb="0" cb="0"/><line nr="3526" mi="6" ci="0" mb="0" cb="0"/><line nr="3527" mi="1" ci="0" mb="0" cb="0"/><line nr="3528" mi="4" ci="0" mb="0" cb="0"/><line nr="3529" mi="2" ci="0" mb="0" cb="0"/><line nr="3530" mi="4" ci="0" mb="0" cb="0"/><line nr="3531" mi="5" ci="0" mb="0" cb="0"/><line nr="3532" mi="4" ci="0" mb="0" cb="0"/><line nr="3534" mi="4" ci="0" mb="2" cb="0"/><line nr="3536" mi="6" ci="0" mb="0" cb="0"/><line nr="3537" mi="3" ci="0" mb="2" cb="0"/><line nr="3538" mi="3" ci="0" mb="0" cb="0"/><line nr="3539" mi="5" ci="0" mb="0" cb="0"/><line nr="3540" mi="6" ci="0" mb="0" cb="0"/><line nr="3541" mi="1" ci="0" mb="0" cb="0"/><line nr="3542" mi="9" ci="0" mb="0" cb="0"/><line nr="3543" mi="2" ci="0" mb="0" cb="0"/><line nr="3544" mi="13" ci="0" mb="0" cb="0"/><line nr="3545" mi="1" ci="0" mb="0" cb="0"/><line nr="3546" mi="3" ci="0" mb="0" cb="0"/><line nr="3547" mi="3" ci="0" mb="0" cb="0"/><line nr="3548" mi="3" ci="0" mb="0" cb="0"/><line nr="3549" mi="4" ci="0" mb="0" cb="0"/><line nr="3552" mi="1" ci="0" mb="0" cb="0"/><line nr="3553" mi="3" ci="0" mb="0" cb="0"/><line nr="3554" mi="3" ci="0" mb="0" cb="0"/><line nr="3555" mi="3" ci="0" mb="0" cb="0"/><line nr="3556" mi="4" ci="0" mb="0" cb="0"/><line nr="3558" mi="2" ci="0" mb="0" cb="0"/><line nr="3559" mi="1" ci="0" mb="0" cb="0"/><line nr="3561" mi="2" ci="0" mb="0" cb="0"/><line nr="3562" mi="4" ci="0" mb="0" cb="0"/><line nr="3564" mi="4" ci="0" mb="2" cb="0"/><line nr="3565" mi="6" ci="0" mb="0" cb="0"/><line nr="3568" mi="8" ci="0" mb="4" cb="0"/><line nr="3569" mi="3" ci="0" mb="2" cb="0"/><line nr="3571" mi="6" ci="0" mb="0" cb="0"/><line nr="3572" mi="6" ci="0" mb="0" cb="0"/><line nr="3573" mi="1" ci="0" mb="0" cb="0"/><line nr="3574" mi="4" ci="0" mb="0" cb="0"/><line nr="3578" mi="9" ci="0" mb="0" cb="0"/><line nr="3579" mi="3" ci="0" mb="2" cb="0"/><line nr="3581" mi="3" ci="0" mb="0" cb="0"/><line nr="3582" mi="5" ci="0" mb="0" cb="0"/><line nr="3583" mi="6" ci="0" mb="0" cb="0"/><line nr="3584" mi="1" ci="0" mb="0" cb="0"/><line nr="3585" mi="4" ci="0" mb="0" cb="0"/><line nr="3586" mi="2" ci="0" mb="0" cb="0"/><line nr="3587" mi="4" ci="0" mb="0" cb="0"/><line nr="3588" mi="5" ci="0" mb="0" cb="0"/><line nr="3589" mi="4" ci="0" mb="0" cb="0"/><line nr="3591" mi="1" ci="0" mb="0" cb="0"/><line nr="3592" mi="3" ci="0" mb="0" cb="0"/><line nr="3593" mi="3" ci="0" mb="0" cb="0"/><line nr="3594" mi="3" ci="0" mb="0" cb="0"/><line nr="3595" mi="4" ci="0" mb="0" cb="0"/><line nr="3597" mi="2" ci="0" mb="0" cb="0"/><line nr="3598" mi="2" ci="0" mb="0" cb="0"/><line nr="3600" mi="2" ci="0" mb="0" cb="0"/><line nr="3601" mi="4" ci="0" mb="2" cb="0"/><line nr="3602" mi="6" ci="0" mb="0" cb="0"/><line nr="3603" mi="9" ci="0" mb="0" cb="0"/><line nr="3604" mi="3" ci="0" mb="2" cb="0"/><line nr="3606" mi="3" ci="0" mb="0" cb="0"/><line nr="3607" mi="5" ci="0" mb="0" cb="0"/><line nr="3608" mi="6" ci="0" mb="0" cb="0"/><line nr="3609" mi="1" ci="0" mb="0" cb="0"/><line nr="3610" mi="4" ci="0" mb="0" cb="0"/><line nr="3611" mi="2" ci="0" mb="0" cb="0"/><line nr="3612" mi="4" ci="0" mb="0" cb="0"/><line nr="3614" mi="4" ci="0" mb="0" cb="0"/><line nr="3615" mi="4" ci="0" mb="0" cb="0"/><line nr="3618" mi="5" ci="0" mb="0" cb="0"/><line nr="3619" mi="7" ci="0" mb="0" cb="0"/><line nr="3620" mi="4" ci="0" mb="0" cb="0"/><line nr="3621" mi="10" ci="0" mb="2" cb="0"/><line nr="3622" mi="4" ci="0" mb="2" cb="0"/><line nr="3623" mi="4" ci="0" mb="0" cb="0"/><line nr="3626" mi="1" ci="0" mb="0" cb="0"/><line nr="3627" mi="3" ci="0" mb="2" cb="0"/><line nr="3629" mi="3" ci="0" mb="0" cb="0"/><line nr="3630" mi="5" ci="0" mb="0" cb="0"/><line nr="3631" mi="6" ci="0" mb="0" cb="0"/><line nr="3632" mi="1" ci="0" mb="0" cb="0"/><line nr="3633" mi="7" ci="0" mb="0" cb="0"/><line nr="3634" mi="2" ci="0" mb="0" cb="0"/><line nr="3635" mi="11" ci="0" mb="0" cb="0"/><line nr="3636" mi="1" ci="0" mb="0" cb="0"/><line nr="3637" mi="3" ci="0" mb="0" cb="0"/><line nr="3638" mi="3" ci="0" mb="0" cb="0"/><line nr="3639" mi="2" ci="0" mb="0" cb="0"/><line nr="3640" mi="4" ci="0" mb="0" cb="0"/><line nr="3642" mi="5" ci="0" mb="0" cb="0"/><line nr="3643" mi="4" ci="0" mb="0" cb="0"/><line nr="3644" mi="1" ci="0" mb="0" cb="0"/><line nr="3645" mi="3" ci="0" mb="0" cb="0"/><line nr="3646" mi="3" ci="0" mb="0" cb="0"/><line nr="3647" mi="3" ci="0" mb="0" cb="0"/><line nr="3648" mi="2" ci="0" mb="0" cb="0"/><line nr="3649" mi="4" ci="0" mb="0" cb="0"/><line nr="3652" mi="4" ci="0" mb="2" cb="0"/><line nr="3653" mi="6" ci="0" mb="0" cb="0"/><line nr="3654" mi="9" ci="0" mb="0" cb="0"/><line nr="3655" mi="3" ci="0" mb="2" cb="0"/><line nr="3657" mi="3" ci="0" mb="0" cb="0"/><line nr="3658" mi="5" ci="0" mb="0" cb="0"/><line nr="3659" mi="6" ci="0" mb="0" cb="0"/><line nr="3660" mi="1" ci="0" mb="0" cb="0"/><line nr="3661" mi="4" ci="0" mb="0" cb="0"/><line nr="3662" mi="2" ci="0" mb="0" cb="0"/><line nr="3663" mi="4" ci="0" mb="0" cb="0"/><line nr="3665" mi="6" ci="0" mb="0" cb="0"/><line nr="3666" mi="2" ci="0" mb="0" cb="0"/><line nr="3667" mi="10" ci="0" mb="0" cb="0"/><line nr="3668" mi="5" ci="0" mb="0" cb="0"/><line nr="3669" mi="4" ci="0" mb="0" cb="0"/><line nr="3670" mi="1" ci="0" mb="0" cb="0"/><line nr="3671" mi="3" ci="0" mb="0" cb="0"/><line nr="3672" mi="3" ci="0" mb="0" cb="0"/><line nr="3673" mi="3" ci="0" mb="0" cb="0"/><line nr="3674" mi="2" ci="0" mb="0" cb="0"/><line nr="3675" mi="4" ci="0" mb="0" cb="0"/><line nr="3680" mi="2" ci="0" mb="0" cb="0"/><line nr="3681" mi="6" ci="0" mb="0" cb="0"/><line nr="3682" mi="3" ci="0" mb="2" cb="0"/><line nr="3684" mi="3" ci="0" mb="0" cb="0"/><line nr="3685" mi="5" ci="0" mb="0" cb="0"/><line nr="3686" mi="6" ci="0" mb="0" cb="0"/><line nr="3687" mi="1" ci="0" mb="0" cb="0"/><line nr="3688" mi="5" ci="0" mb="0" cb="0"/><line nr="3690" mi="5" ci="0" mb="0" cb="0"/><line nr="3691" mi="4" ci="0" mb="0" cb="0"/><line nr="3693" mi="9" ci="0" mb="0" cb="0"/><line nr="3694" mi="3" ci="0" mb="2" cb="0"/><line nr="3696" mi="3" ci="0" mb="0" cb="0"/><line nr="3697" mi="5" ci="0" mb="0" cb="0"/><line nr="3698" mi="6" ci="0" mb="0" cb="0"/><line nr="3699" mi="1" ci="0" mb="0" cb="0"/><line nr="3700" mi="4" ci="0" mb="0" cb="0"/><line nr="3701" mi="5" ci="0" mb="0" cb="0"/><line nr="3702" mi="2" ci="0" mb="0" cb="0"/><line nr="3703" mi="4" ci="0" mb="0" cb="0"/><line nr="3704" mi="4" ci="0" mb="0" cb="0"/><line nr="3705" mi="4" ci="0" mb="2" cb="0"/><line nr="3706" mi="3" ci="0" mb="0" cb="0"/><line nr="3707" mi="5" ci="0" mb="0" cb="0"/><line nr="3708" mi="5" ci="0" mb="2" cb="0"/><line nr="3709" mi="3" ci="0" mb="2" cb="0"/><line nr="3710" mi="3" ci="0" mb="0" cb="0"/><line nr="3711" mi="5" ci="0" mb="0" cb="0"/><line nr="3712" mi="6" ci="0" mb="0" cb="0"/><line nr="3713" mi="1" ci="0" mb="0" cb="0"/><line nr="3714" mi="6" ci="0" mb="0" cb="0"/><line nr="3715" mi="1" ci="0" mb="0" cb="0"/><line nr="3716" mi="3" ci="0" mb="0" cb="0"/><line nr="3717" mi="3" ci="0" mb="0" cb="0"/><line nr="3718" mi="4" ci="0" mb="0" cb="0"/><line nr="3722" mi="3" ci="0" mb="2" cb="0"/><line nr="3724" mi="9" ci="0" mb="2" cb="0"/><line nr="3725" mi="9" ci="0" mb="2" cb="0"/><line nr="3726" mi="3" ci="0" mb="2" cb="0"/><line nr="3727" mi="4" ci="0" mb="0" cb="0"/><line nr="3728" mi="1" ci="0" mb="0" cb="0"/><line nr="3730" mi="1" ci="0" mb="0" cb="0"/><line nr="3731" mi="1" ci="0" mb="0" cb="0"/><line nr="3733" mi="2" ci="0" mb="0" cb="0"/><line nr="3735" mi="9" ci="0" mb="2" cb="0"/><line nr="3736" mi="4" ci="0" mb="0" cb="0"/><line nr="3737" mi="8" ci="0" mb="0" cb="0"/><line nr="3739" mi="1" ci="0" mb="0" cb="0"/><line nr="3741" mi="5" ci="0" mb="0" cb="0"/><line nr="3742" mi="4" ci="0" mb="0" cb="0"/><line nr="3743" mi="2" ci="0" mb="0" cb="0"/><line nr="3745" mi="3" ci="0" mb="0" cb="0"/><line nr="3746" mi="3" ci="0" mb="0" cb="0"/><line nr="3747" mi="3" ci="0" mb="0" cb="0"/><line nr="3748" mi="4" ci="0" mb="0" cb="0"/><line nr="3751" mi="3" ci="0" mb="0" cb="0"/><line nr="3752" mi="3" ci="0" mb="0" cb="0"/><line nr="3753" mi="3" ci="0" mb="0" cb="0"/><line nr="3754" mi="4" ci="0" mb="0" cb="0"/><line nr="3758" mi="2" ci="0" mb="0" cb="0"/><line nr="3759" mi="6" ci="0" mb="0" cb="0"/><line nr="3760" mi="9" ci="0" mb="0" cb="0"/><line nr="3761" mi="3" ci="0" mb="2" cb="0"/><line nr="3763" mi="3" ci="0" mb="0" cb="0"/><line nr="3764" mi="5" ci="0" mb="0" cb="0"/><line nr="3765" mi="6" ci="0" mb="0" cb="0"/><line nr="3766" mi="1" ci="0" mb="0" cb="0"/><line nr="3767" mi="4" ci="0" mb="0" cb="0"/><line nr="3768" mi="2" ci="0" mb="0" cb="0"/><line nr="3769" mi="4" ci="0" mb="0" cb="0"/><line nr="3770" mi="5" ci="0" mb="0" cb="0"/><line nr="3771" mi="4" ci="0" mb="0" cb="0"/><line nr="3772" mi="1" ci="0" mb="0" cb="0"/><line nr="3773" mi="3" ci="0" mb="0" cb="0"/><line nr="3774" mi="3" ci="0" mb="0" cb="0"/><line nr="3775" mi="3" ci="0" mb="0" cb="0"/><line nr="3776" mi="4" ci="0" mb="0" cb="0"/><line nr="3778" mi="2" ci="0" mb="0" cb="0"/><line nr="3779" mi="1" ci="0" mb="0" cb="0"/><line nr="3781" mi="2" ci="0" mb="0" cb="0"/><line nr="3782" mi="6" ci="0" mb="0" cb="0"/><line nr="3783" mi="9" ci="0" mb="0" cb="0"/><line nr="3784" mi="3" ci="0" mb="2" cb="0"/><line nr="3786" mi="3" ci="0" mb="0" cb="0"/><line nr="3787" mi="5" ci="0" mb="0" cb="0"/><line nr="3788" mi="6" ci="0" mb="0" cb="0"/><line nr="3789" mi="1" ci="0" mb="0" cb="0"/><line nr="3790" mi="4" ci="0" mb="0" cb="0"/><line nr="3791" mi="5" ci="0" mb="0" cb="0"/><line nr="3792" mi="2" ci="0" mb="0" cb="0"/><line nr="3793" mi="4" ci="0" mb="0" cb="0"/><line nr="3794" mi="4" ci="0" mb="0" cb="0"/><line nr="3797" mi="4" ci="0" mb="2" cb="0"/><line nr="3798" mi="7" ci="0" mb="2" cb="0"/><line nr="3799" mi="3" ci="0" mb="0" cb="0"/><line nr="3800" mi="5" ci="0" mb="0" cb="0"/><line nr="3801" mi="5" ci="0" mb="2" cb="0"/><line nr="3802" mi="3" ci="0" mb="2" cb="0"/><line nr="3803" mi="3" ci="0" mb="0" cb="0"/><line nr="3804" mi="5" ci="0" mb="0" cb="0"/><line nr="3805" mi="6" ci="0" mb="0" cb="0"/><line nr="3806" mi="1" ci="0" mb="0" cb="0"/><line nr="3807" mi="6" ci="0" mb="0" cb="0"/><line nr="3808" mi="4" ci="0" mb="0" cb="0"/><line nr="3809" mi="1" ci="0" mb="0" cb="0"/><line nr="3810" mi="3" ci="0" mb="0" cb="0"/><line nr="3811" mi="3" ci="0" mb="0" cb="0"/><line nr="3812" mi="4" ci="0" mb="0" cb="0"/><line nr="3819" mi="5" ci="0" mb="0" cb="0"/><line nr="3820" mi="4" ci="0" mb="2" cb="0"/><line nr="3821" mi="4" ci="0" mb="0" cb="0"/><line nr="3823" mi="1" ci="0" mb="0" cb="0"/><line nr="3824" mi="3" ci="0" mb="0" cb="0"/><line nr="3825" mi="3" ci="0" mb="0" cb="0"/><line nr="3826" mi="3" ci="0" mb="0" cb="0"/><line nr="3827" mi="4" ci="0" mb="0" cb="0"/><line nr="3829" mi="2" ci="0" mb="0" cb="0"/><line nr="3832" mi="1" ci="0" mb="0" cb="0"/><line nr="3833" mi="3" ci="0" mb="0" cb="0"/><line nr="3834" mi="3" ci="0" mb="0" cb="0"/><line nr="3835" mi="2" ci="0" mb="0" cb="0"/><line nr="3836" mi="1" ci="0" mb="0" cb="0"/><line nr="3837" mi="4" ci="0" mb="0" cb="0"/><line nr="3847" mi="3" ci="0" mb="2" cb="0"/><line nr="3849" mi="2" ci="0" mb="0" cb="0"/><line nr="3851" mi="3" ci="0" mb="0" cb="0"/><line nr="3852" mi="5" ci="0" mb="0" cb="0"/><line nr="3853" mi="5" ci="0" mb="2" cb="0"/><line nr="3855" mi="3" ci="0" mb="0" cb="0"/><line nr="3856" mi="6" ci="0" mb="0" cb="0"/><line nr="3857" mi="2" ci="0" mb="0" cb="0"/><line nr="3858" mi="5" ci="0" mb="2" cb="0"/><line nr="3859" mi="5" ci="0" mb="2" cb="0"/><line nr="3860" mi="5" ci="0" mb="2" cb="0"/><line nr="3862" mi="5" ci="0" mb="0" cb="0"/><line nr="3864" mi="3" ci="0" mb="0" cb="0"/><line nr="3865" mi="5" ci="0" mb="0" cb="0"/><line nr="3866" mi="6" ci="0" mb="0" cb="0"/><line nr="3867" mi="1" ci="0" mb="0" cb="0"/><line nr="3868" mi="2" ci="0" mb="0" cb="0"/><line nr="3869" mi="7" ci="0" mb="0" cb="0"/><line nr="3870" mi="3" ci="0" mb="0" cb="0"/><line nr="3872" mi="5" ci="0" mb="0" cb="0"/><line nr="3873" mi="8" ci="0" mb="0" cb="0"/><line nr="3875" mi="1" ci="0" mb="0" cb="0"/><line nr="3876" mi="2" ci="0" mb="0" cb="0"/><line nr="3877" mi="3" ci="0" mb="0" cb="0"/><line nr="3878" mi="1" ci="0" mb="0" cb="0"/><line nr="3880" mi="1" ci="0" mb="0" cb="0"/><line nr="3892" mi="2" ci="0" mb="0" cb="0"/><line nr="3893" mi="4" ci="0" mb="0" cb="0"/><line nr="3895" mi="17" ci="0" mb="0" cb="0"/><line nr="3896" mi="4" ci="0" mb="0" cb="0"/><line nr="3899" mi="9" ci="0" mb="0" cb="0"/><line nr="3900" mi="13" ci="0" mb="8" cb="0"/><line nr="3901" mi="10" ci="0" mb="6" cb="0"/><line nr="3902" mi="3" ci="0" mb="0" cb="0"/><line nr="3904" mi="5" ci="0" mb="2" cb="0"/><line nr="3905" mi="8" ci="0" mb="0" cb="0"/><line nr="3907" mi="3" ci="0" mb="0" cb="0"/><line nr="3912" mi="3" ci="0" mb="2" cb="0"/><line nr="3913" mi="3" ci="0" mb="0" cb="0"/><line nr="3915" mi="3" ci="0" mb="0" cb="0"/><line nr="3917" mi="1" ci="0" mb="0" cb="0"/><line nr="3920" mi="1" ci="0" mb="0" cb="0"/><line nr="3922" mi="1" ci="0" mb="0" cb="0"/><line nr="3924" mi="1" ci="0" mb="0" cb="0"/><line nr="3932" mi="5" ci="0" mb="0" cb="0"/><line nr="3933" mi="2" ci="0" mb="0" cb="0"/><line nr="3935" mi="18" ci="0" mb="0" cb="0"/><line nr="3936" mi="6" ci="0" mb="0" cb="0"/><line nr="3939" mi="9" ci="0" mb="0" cb="0"/><line nr="3940" mi="3" ci="0" mb="2" cb="0"/><line nr="3941" mi="6" ci="0" mb="0" cb="0"/><line nr="3942" mi="4" ci="0" mb="0" cb="0"/><line nr="3943" mi="3" ci="0" mb="0" cb="0"/><line nr="3945" mi="3" ci="0" mb="2" cb="0"/><line nr="3946" mi="3" ci="0" mb="2" cb="0"/><line nr="3947" mi="3" ci="0" mb="0" cb="0"/><line nr="3951" mi="3" ci="0" mb="0" cb="0"/><line nr="3952" mi="3" ci="0" mb="0" cb="0"/><line nr="3953" mi="3" ci="0" mb="0" cb="0"/><line nr="3955" mi="1" ci="0" mb="0" cb="0"/><line nr="3957" mi="1" ci="0" mb="0" cb="0"/><line nr="3959" mi="1" ci="0" mb="0" cb="0"/><line nr="3960" mi="1" ci="0" mb="0" cb="0"/><line nr="3969" mi="7" ci="0" mb="4" cb="0"/><line nr="3970" mi="2" ci="0" mb="0" cb="0"/><line nr="3972" mi="7" ci="0" mb="2" cb="0"/><line nr="3973" mi="5" ci="0" mb="2" cb="0"/><line nr="3974" mi="2" ci="0" mb="0" cb="0"/><line nr="3977" mi="2" ci="0" mb="0" cb="0"/><line nr="3980" mi="2" ci="0" mb="0" cb="0"/><line nr="3981" mi="1" ci="0" mb="0" cb="0"/><line nr="3984" mi="2" ci="0" mb="0" cb="0"/><line nr="3985" mi="1" ci="0" mb="0" cb="0"/><line nr="3992" mi="9" ci="0" mb="0" cb="0"/><line nr="3994" mi="3" ci="0" mb="0" cb="0"/><line nr="3996" mi="6" ci="0" mb="0" cb="0"/><line nr="3997" mi="6" ci="0" mb="0" cb="0"/><line nr="3998" mi="1" ci="0" mb="0" cb="0"/><line nr="4001" mi="10" ci="0" mb="0" cb="0"/><line nr="4004" mi="0" ci="11" mb="0" cb="0"/><line nr="4005" mi="0" ci="1" mb="0" cb="0"/><line nr="4008" mi="4" ci="0" mb="0" cb="0"/><line nr="4009" mi="1" ci="0" mb="0" cb="0"/><line nr="4012" mi="2" ci="0" mb="0" cb="0"/><line nr="4013" mi="1" ci="0" mb="0" cb="0"/><line nr="4015" mi="2" ci="0" mb="0" cb="0"/><line nr="4016" mi="1" ci="0" mb="0" cb="0"/><counter type="INSTRUCTION" missed="9600" covered="81"/><counter type="BRANCH" missed="855" covered="0"/><counter type="LINE" missed="2440" covered="27"/><counter type="COMPLEXITY" missed="549" covered="3"/><counter type="METHOD" missed="107" covered="3"/><counter type="CLASS" missed="5" covered="1"/></sourcefile><sourcefile name="StartServer.java"><line nr="3" mi="3" ci="0" mb="0" cb="0"/><line nr="5" mi="4" ci="0" mb="0" cb="0"/><line nr="7" mi="3" ci="0" mb="0" cb="0"/><line nr="8" mi="1" ci="0" mb="0" cb="0"/><line nr="9" mi="2" ci="0" mb="0" cb="0"/><line nr="10" mi="1" ci="0" mb="0" cb="0"/><line nr="11" mi="1" ci="0" mb="0" cb="0"/><counter type="INSTRUCTION" missed="15" covered="0"/><counter type="LINE" missed="7" covered="0"/><counter type="COMPLEXITY" missed="2" covered="0"/><counter type="METHOD" missed="2" covered="0"/><counter type="CLASS" missed="1" covered="0"/></sourcefile><counter type="INSTRUCTION" missed="9615" covered="81"/><counter type="BRANCH" missed="855" covered="0"/><counter type="LINE" missed="2447" covered="27"/><counter type="COMPLEXITY" missed="551" covered="3"/><counter type="METHOD" missed="109" covered="3"/><counter type="CLASS" missed="6" covered="1"/></package><counter type="INSTRUCTION" missed="14491" covered="11233"/><counter type="BRANCH" missed="1626" covered="804"/><counter type="LINE" missed="3348" covered="1874"/><counter type="COMPLEXITY" missed="1199" covered="732"/><counter type="METHOD" missed="242" covered="419"/><counter type="CLASS" missed="12" covered="66"/></report>